Command line invocation:
    /Users/apple/Downloads/Xcode.app/Contents/Developer/usr/bin/xcodebuild -workspace /Users/apple/Desktop/Umee/Signet/ios/Signet.xcworkspace -configuration Debug -scheme Signet -destination id=13FF599E-5DDC-466F-87C1-22580F28C251

User defaults from command line:
    IDEPackageSupportUseBuiltinSCM = YES

note: Using new build system
note: Planning
Analyze workspace

Create build description
Build description signature: 5b175ab619bb1ec5e3f3314b79152222
Build description path: /Users/apple/Library/Developer/Xcode/DerivedData/Signet-dfscuohdbulpozgkivkkztfuyrqz/Build/Intermediates.noindex/XCBuildData/5b175ab619bb1ec5e3f3314b79152222-desc.xcbuild

note: Build preparation complete
note: Building targets in dependency order
CompileC /Users/apple/Library/Developer/Xcode/DerivedData/Signet-dfscuohdbulpozgkivkkztfuyrqz/Build/Intermediates.noindex/Pods.build/Debug-iphonesimulator/RCT-Folly.build/Objects-normal/x86_64/SysUio.o /Users/apple/Desktop/Umee/Signet/ios/Pods/RCT-Folly/folly/portability/SysUio.cpp normal x86_64 c++ com.apple.compilers.llvm.clang.1_0.compiler (in target 'RCT-Folly' from project 'Pods')
    cd /Users/apple/Desktop/Umee/Signet/ios/Pods
    export LANG\=en_US.US-ASCII
    /Users/apple/Downloads/Xcode.app/Contents/Developer/Toolchains/XcodeDefault.xctoolchain/usr/bin/clang -x c++ -target x86_64-apple-ios11.0-simulator -fmessage-length\=0 -fdiagnostics-show-note-include-stack -fmacro-backtrace-limit\=0 -std\=c++1z -stdlib\=libc++ -fmodules -fmodules-cache-path\=/Users/apple/Library/Developer/Xcode/DerivedData/ModuleCache.noindex -fmodules-prune-interval\=86400 -fmodules-prune-after\=345600 -fbuild-session-file\=/Users/apple/Library/Developer/Xcode/DerivedData/ModuleCache.noindex/Session.modulevalidation -fmodules-validate-once-per-build-session -Wnon-modular-include-in-framework-module -Werror\=non-modular-include-in-framework-module -Wno-trigraphs -fpascal-strings -O0 -fno-common -Wno-missing-field-initializers -Wno-missing-prototypes -Werror\=return-type -Wdocumentation -Wunreachable-code -Werror\=deprecated-objc-isa-usage -Werror\=objc-root-class -Wno-non-virtual-dtor -Wno-overloaded-virtual -Wno-exit-time-destructors -Wno-missing-braces -Wparentheses -Wswitch -Wunused-function -Wno-unused-label -Wno-unused-parameter -Wunused-variable -Wunused-value -Wempty-body -Wuninitialized -Wconditional-uninitialized -Wno-unknown-pragmas -Wno-shadow -Wno-four-char-constants -Wno-conversion -Wconstant-conversion -Wint-conversion -Wbool-conversion -Wenum-conversion -Wno-float-conversion -Wnon-literal-null-conversion -Wobjc-literal-conversion -Wshorten-64-to-32 -Wno-newline-eof -Wno-c++11-extensions -DPOD_CONFIGURATION_DEBUG\=1 -DDEBUG\=1 -DCOCOAPODS\=1 -isysroot /Users/apple/Downloads/Xcode.app/Contents/Developer/Platforms/iPhoneSimulator.platform/Developer/SDKs/iPhoneSimulator15.5.sdk -fasm-blocks -fstrict-aliasing -Wdeprecated-declarations -Winvalid-offsetof -g -Wno-sign-conversion -Winfinite-recursion -Wmove -Wcomma -Wblock-capture-autoreleasing -Wstrict-prototypes -Wrange-loop-analysis -Wno-semicolon-before-method-body -Wunguarded-availability -index-store-path /Users/apple/Library/Developer/Xcode/DerivedData/Signet-dfscuohdbulpozgkivkkztfuyrqz/Index/DataStore -I/Users/apple/Library/Developer/Xcode/DerivedData/Signet-dfscuohdbulpozgkivkkztfuyrqz/Build/Products/Debug-iphonesimulator/RCT-Folly/include -I/Users/apple/Desktop/Umee/Signet/ios/Pods/Headers/Private -I/Users/apple/Desktop/Umee/Signet/ios/Pods/Headers/Private/RCT-Folly -I/Users/apple/Desktop/Umee/Signet/ios/Pods/Headers/Public -I/Users/apple/Desktop/Umee/Signet/ios/Pods/Headers/Public/DoubleConversion -I/Users/apple/Desktop/Umee/Signet/ios/Pods/Headers/Public/RCT-Folly -I/Users/apple/Desktop/Umee/Signet/ios/Pods/Headers/Public/fmt -I/Users/apple/Desktop/Umee/Signet/ios/Pods/Headers/Public/glog -I/Users/apple/Desktop/Umee/Signet/ios/Pods/RCT-Folly -I/Users/apple/Desktop/Umee/Signet/ios/Pods/boost -I/Users/apple/Desktop/Umee/Signet/ios/Pods/DoubleConversion -I/Users/apple/Desktop/Umee/Signet/ios/Pods/libevent/include -I/Users/apple/Library/Developer/Xcode/DerivedData/Signet-dfscuohdbulpozgkivkkztfuyrqz/Build/Intermediates.noindex/Pods.build/Debug-iphonesimulator/RCT-Folly.build/DerivedSources-normal/x86_64 -I/Users/apple/Library/Developer/Xcode/DerivedData/Signet-dfscuohdbulpozgkivkkztfuyrqz/Build/Intermediates.noindex/Pods.build/Debug-iphonesimulator/RCT-Folly.build/DerivedSources/x86_64 -I/Users/apple/Library/Developer/Xcode/DerivedData/Signet-dfscuohdbulpozgkivkkztfuyrqz/Build/Intermediates.noindex/Pods.build/Debug-iphonesimulator/RCT-Folly.build/DerivedSources -F/Users/apple/Library/Developer/Xcode/DerivedData/Signet-dfscuohdbulpozgkivkkztfuyrqz/Build/Products/Debug-iphonesimulator/RCT-Folly -DFOLLY_NO_CONFIG -DFOLLY_MOBILE\=1 -DFOLLY_USE_LIBCPP\=1 -DFOLLY_HAVE_PTHREAD\=1 -Wno-comma -Wno-shorten-64-to-32 -Wno-documentation -faligned-new -include /Users/apple/Desktop/Umee/Signet/ios/Pods/Target\ Support\ Files/RCT-Folly/RCT-Folly-prefix.pch -MMD -MT dependencies -MF /Users/apple/Library/Developer/Xcode/DerivedData/Signet-dfscuohdbulpozgkivkkztfuyrqz/Build/Intermediates.noindex/Pods.build/Debug-iphonesimulator/RCT-Folly.build/Objects-normal/x86_64/SysUio.d --serialize-diagnostics /Users/apple/Library/Developer/Xcode/DerivedData/Signet-dfscuohdbulpozgkivkkztfuyrqz/Build/Intermediates.noindex/Pods.build/Debug-iphonesimulator/RCT-Folly.build/Objects-normal/x86_64/SysUio.dia -c /Users/apple/Desktop/Umee/Signet/ios/Pods/RCT-Folly/folly/portability/SysUio.cpp -o /Users/apple/Library/Developer/Xcode/DerivedData/Signet-dfscuohdbulpozgkivkkztfuyrqz/Build/Intermediates.noindex/Pods.build/Debug-iphonesimulator/RCT-Folly.build/Objects-normal/x86_64/SysUio.o -index-unit-output-path /Pods.build/Debug-iphonesimulator/RCT-Folly.build/Objects-normal/x86_64/SysUio.o

CompileC /Users/apple/Library/Developer/Xcode/DerivedData/Signet-dfscuohdbulpozgkivkkztfuyrqz/Build/Intermediates.noindex/Pods.build/Debug-iphonesimulator/RCT-Folly.build/Objects-normal/x86_64/NetOps.o /Users/apple/Desktop/Umee/Signet/ios/Pods/RCT-Folly/folly/net/NetOps.cpp normal x86_64 c++ com.apple.compilers.llvm.clang.1_0.compiler (in target 'RCT-Folly' from project 'Pods')
    cd /Users/apple/Desktop/Umee/Signet/ios/Pods
    export LANG\=en_US.US-ASCII
    /Users/apple/Downloads/Xcode.app/Contents/Developer/Toolchains/XcodeDefault.xctoolchain/usr/bin/clang -x c++ -target x86_64-apple-ios11.0-simulator -fmessage-length\=0 -fdiagnostics-show-note-include-stack -fmacro-backtrace-limit\=0 -std\=c++1z -stdlib\=libc++ -fmodules -fmodules-cache-path\=/Users/apple/Library/Developer/Xcode/DerivedData/ModuleCache.noindex -fmodules-prune-interval\=86400 -fmodules-prune-after\=345600 -fbuild-session-file\=/Users/apple/Library/Developer/Xcode/DerivedData/ModuleCache.noindex/Session.modulevalidation -fmodules-validate-once-per-build-session -Wnon-modular-include-in-framework-module -Werror\=non-modular-include-in-framework-module -Wno-trigraphs -fpascal-strings -O0 -fno-common -Wno-missing-field-initializers -Wno-missing-prototypes -Werror\=return-type -Wdocumentation -Wunreachable-code -Werror\=deprecated-objc-isa-usage -Werror\=objc-root-class -Wno-non-virtual-dtor -Wno-overloaded-virtual -Wno-exit-time-destructors -Wno-missing-braces -Wparentheses -Wswitch -Wunused-function -Wno-unused-label -Wno-unused-parameter -Wunused-variable -Wunused-value -Wempty-body -Wuninitialized -Wconditional-uninitialized -Wno-unknown-pragmas -Wno-shadow -Wno-four-char-constants -Wno-conversion -Wconstant-conversion -Wint-conversion -Wbool-conversion -Wenum-conversion -Wno-float-conversion -Wnon-literal-null-conversion -Wobjc-literal-conversion -Wshorten-64-to-32 -Wno-newline-eof -Wno-c++11-extensions -DPOD_CONFIGURATION_DEBUG\=1 -DDEBUG\=1 -DCOCOAPODS\=1 -isysroot /Users/apple/Downloads/Xcode.app/Contents/Developer/Platforms/iPhoneSimulator.platform/Developer/SDKs/iPhoneSimulator15.5.sdk -fasm-blocks -fstrict-aliasing -Wdeprecated-declarations -Winvalid-offsetof -g -Wno-sign-conversion -Winfinite-recursion -Wmove -Wcomma -Wblock-capture-autoreleasing -Wstrict-prototypes -Wrange-loop-analysis -Wno-semicolon-before-method-body -Wunguarded-availability -index-store-path /Users/apple/Library/Developer/Xcode/DerivedData/Signet-dfscuohdbulpozgkivkkztfuyrqz/Index/DataStore -I/Users/apple/Library/Developer/Xcode/DerivedData/Signet-dfscuohdbulpozgkivkkztfuyrqz/Build/Products/Debug-iphonesimulator/RCT-Folly/include -I/Users/apple/Desktop/Umee/Signet/ios/Pods/Headers/Private -I/Users/apple/Desktop/Umee/Signet/ios/Pods/Headers/Private/RCT-Folly -I/Users/apple/Desktop/Umee/Signet/ios/Pods/Headers/Public -I/Users/apple/Desktop/Umee/Signet/ios/Pods/Headers/Public/DoubleConversion -I/Users/apple/Desktop/Umee/Signet/ios/Pods/Headers/Public/RCT-Folly -I/Users/apple/Desktop/Umee/Signet/ios/Pods/Headers/Public/fmt -I/Users/apple/Desktop/Umee/Signet/ios/Pods/Headers/Public/glog -I/Users/apple/Desktop/Umee/Signet/ios/Pods/RCT-Folly -I/Users/apple/Desktop/Umee/Signet/ios/Pods/boost -I/Users/apple/Desktop/Umee/Signet/ios/Pods/DoubleConversion -I/Users/apple/Desktop/Umee/Signet/ios/Pods/libevent/include -I/Users/apple/Library/Developer/Xcode/DerivedData/Signet-dfscuohdbulpozgkivkkztfuyrqz/Build/Intermediates.noindex/Pods.build/Debug-iphonesimulator/RCT-Folly.build/DerivedSources-normal/x86_64 -I/Users/apple/Library/Developer/Xcode/DerivedData/Signet-dfscuohdbulpozgkivkkztfuyrqz/Build/Intermediates.noindex/Pods.build/Debug-iphonesimulator/RCT-Folly.build/DerivedSources/x86_64 -I/Users/apple/Library/Developer/Xcode/DerivedData/Signet-dfscuohdbulpozgkivkkztfuyrqz/Build/Intermediates.noindex/Pods.build/Debug-iphonesimulator/RCT-Folly.build/DerivedSources -F/Users/apple/Library/Developer/Xcode/DerivedData/Signet-dfscuohdbulpozgkivkkztfuyrqz/Build/Products/Debug-iphonesimulator/RCT-Folly -DFOLLY_NO_CONFIG -DFOLLY_MOBILE\=1 -DFOLLY_USE_LIBCPP\=1 -DFOLLY_HAVE_PTHREAD\=1 -Wno-comma -Wno-shorten-64-to-32 -Wno-documentation -faligned-new -include /Users/apple/Desktop/Umee/Signet/ios/Pods/Target\ Support\ Files/RCT-Folly/RCT-Folly-prefix.pch -MMD -MT dependencies -MF /Users/apple/Library/Developer/Xcode/DerivedData/Signet-dfscuohdbulpozgkivkkztfuyrqz/Build/Intermediates.noindex/Pods.build/Debug-iphonesimulator/RCT-Folly.build/Objects-normal/x86_64/NetOps.d --serialize-diagnostics /Users/apple/Library/Developer/Xcode/DerivedData/Signet-dfscuohdbulpozgkivkkztfuyrqz/Build/Intermediates.noindex/Pods.build/Debug-iphonesimulator/RCT-Folly.build/Objects-normal/x86_64/NetOps.dia -c /Users/apple/Desktop/Umee/Signet/ios/Pods/RCT-Folly/folly/net/NetOps.cpp -o /Users/apple/Library/Developer/Xcode/DerivedData/Signet-dfscuohdbulpozgkivkkztfuyrqz/Build/Intermediates.noindex/Pods.build/Debug-iphonesimulator/RCT-Folly.build/Objects-normal/x86_64/NetOps.o -index-unit-output-path /Pods.build/Debug-iphonesimulator/RCT-Folly.build/Objects-normal/x86_64/NetOps.o

CompileC /Users/apple/Library/Developer/Xcode/DerivedData/Signet-dfscuohdbulpozgkivkkztfuyrqz/Build/Intermediates.noindex/Pods.build/Debug-iphonesimulator/RCT-Folly.build/Objects-normal/x86_64/FileUtil.o /Users/apple/Desktop/Umee/Signet/ios/Pods/RCT-Folly/folly/FileUtil.cpp normal x86_64 c++ com.apple.compilers.llvm.clang.1_0.compiler (in target 'RCT-Folly' from project 'Pods')
    cd /Users/apple/Desktop/Umee/Signet/ios/Pods
    export LANG\=en_US.US-ASCII
    /Users/apple/Downloads/Xcode.app/Contents/Developer/Toolchains/XcodeDefault.xctoolchain/usr/bin/clang -x c++ -target x86_64-apple-ios11.0-simulator -fmessage-length\=0 -fdiagnostics-show-note-include-stack -fmacro-backtrace-limit\=0 -std\=c++1z -stdlib\=libc++ -fmodules -fmodules-cache-path\=/Users/apple/Library/Developer/Xcode/DerivedData/ModuleCache.noindex -fmodules-prune-interval\=86400 -fmodules-prune-after\=345600 -fbuild-session-file\=/Users/apple/Library/Developer/Xcode/DerivedData/ModuleCache.noindex/Session.modulevalidation -fmodules-validate-once-per-build-session -Wnon-modular-include-in-framework-module -Werror\=non-modular-include-in-framework-module -Wno-trigraphs -fpascal-strings -O0 -fno-common -Wno-missing-field-initializers -Wno-missing-prototypes -Werror\=return-type -Wdocumentation -Wunreachable-code -Werror\=deprecated-objc-isa-usage -Werror\=objc-root-class -Wno-non-virtual-dtor -Wno-overloaded-virtual -Wno-exit-time-destructors -Wno-missing-braces -Wparentheses -Wswitch -Wunused-function -Wno-unused-label -Wno-unused-parameter -Wunused-variable -Wunused-value -Wempty-body -Wuninitialized -Wconditional-uninitialized -Wno-unknown-pragmas -Wno-shadow -Wno-four-char-constants -Wno-conversion -Wconstant-conversion -Wint-conversion -Wbool-conversion -Wenum-conversion -Wno-float-conversion -Wnon-literal-null-conversion -Wobjc-literal-conversion -Wshorten-64-to-32 -Wno-newline-eof -Wno-c++11-extensions -DPOD_CONFIGURATION_DEBUG\=1 -DDEBUG\=1 -DCOCOAPODS\=1 -isysroot /Users/apple/Downloads/Xcode.app/Contents/Developer/Platforms/iPhoneSimulator.platform/Developer/SDKs/iPhoneSimulator15.5.sdk -fasm-blocks -fstrict-aliasing -Wdeprecated-declarations -Winvalid-offsetof -g -Wno-sign-conversion -Winfinite-recursion -Wmove -Wcomma -Wblock-capture-autoreleasing -Wstrict-prototypes -Wrange-loop-analysis -Wno-semicolon-before-method-body -Wunguarded-availability -index-store-path /Users/apple/Library/Developer/Xcode/DerivedData/Signet-dfscuohdbulpozgkivkkztfuyrqz/Index/DataStore -I/Users/apple/Library/Developer/Xcode/DerivedData/Signet-dfscuohdbulpozgkivkkztfuyrqz/Build/Products/Debug-iphonesimulator/RCT-Folly/include -I/Users/apple/Desktop/Umee/Signet/ios/Pods/Headers/Private -I/Users/apple/Desktop/Umee/Signet/ios/Pods/Headers/Private/RCT-Folly -I/Users/apple/Desktop/Umee/Signet/ios/Pods/Headers/Public -I/Users/apple/Desktop/Umee/Signet/ios/Pods/Headers/Public/DoubleConversion -I/Users/apple/Desktop/Umee/Signet/ios/Pods/Headers/Public/RCT-Folly -I/Users/apple/Desktop/Umee/Signet/ios/Pods/Headers/Public/fmt -I/Users/apple/Desktop/Umee/Signet/ios/Pods/Headers/Public/glog -I/Users/apple/Desktop/Umee/Signet/ios/Pods/RCT-Folly -I/Users/apple/Desktop/Umee/Signet/ios/Pods/boost -I/Users/apple/Desktop/Umee/Signet/ios/Pods/DoubleConversion -I/Users/apple/Desktop/Umee/Signet/ios/Pods/libevent/include -I/Users/apple/Library/Developer/Xcode/DerivedData/Signet-dfscuohdbulpozgkivkkztfuyrqz/Build/Intermediates.noindex/Pods.build/Debug-iphonesimulator/RCT-Folly.build/DerivedSources-normal/x86_64 -I/Users/apple/Library/Developer/Xcode/DerivedData/Signet-dfscuohdbulpozgkivkkztfuyrqz/Build/Intermediates.noindex/Pods.build/Debug-iphonesimulator/RCT-Folly.build/DerivedSources/x86_64 -I/Users/apple/Library/Developer/Xcode/DerivedData/Signet-dfscuohdbulpozgkivkkztfuyrqz/Build/Intermediates.noindex/Pods.build/Debug-iphonesimulator/RCT-Folly.build/DerivedSources -F/Users/apple/Library/Developer/Xcode/DerivedData/Signet-dfscuohdbulpozgkivkkztfuyrqz/Build/Products/Debug-iphonesimulator/RCT-Folly -DFOLLY_NO_CONFIG -DFOLLY_MOBILE\=1 -DFOLLY_USE_LIBCPP\=1 -DFOLLY_HAVE_PTHREAD\=1 -Wno-comma -Wno-shorten-64-to-32 -Wno-documentation -faligned-new -include /Users/apple/Desktop/Umee/Signet/ios/Pods/Target\ Support\ Files/RCT-Folly/RCT-Folly-prefix.pch -MMD -MT dependencies -MF /Users/apple/Library/Developer/Xcode/DerivedData/Signet-dfscuohdbulpozgkivkkztfuyrqz/Build/Intermediates.noindex/Pods.build/Debug-iphonesimulator/RCT-Folly.build/Objects-normal/x86_64/FileUtil.d --serialize-diagnostics /Users/apple/Library/Developer/Xcode/DerivedData/Signet-dfscuohdbulpozgkivkkztfuyrqz/Build/Intermediates.noindex/Pods.build/Debug-iphonesimulator/RCT-Folly.build/Objects-normal/x86_64/FileUtil.dia -c /Users/apple/Desktop/Umee/Signet/ios/Pods/RCT-Folly/folly/FileUtil.cpp -o /Users/apple/Library/Developer/Xcode/DerivedData/Signet-dfscuohdbulpozgkivkkztfuyrqz/Build/Intermediates.noindex/Pods.build/Debug-iphonesimulator/RCT-Folly.build/Objects-normal/x86_64/FileUtil.o -index-unit-output-path /Pods.build/Debug-iphonesimulator/RCT-Folly.build/Objects-normal/x86_64/FileUtil.o

Libtool /Users/apple/Library/Developer/Xcode/DerivedData/Signet-dfscuohdbulpozgkivkkztfuyrqz/Build/Products/Debug-iphonesimulator/RCT-Folly/libRCT-Folly.a normal (in target 'RCT-Folly' from project 'Pods')
    cd /Users/apple/Desktop/Umee/Signet/ios/Pods
    export IPHONEOS_DEPLOYMENT_TARGET\=11.0
    /Users/apple/Downloads/Xcode.app/Contents/Developer/Toolchains/XcodeDefault.xctoolchain/usr/bin/libtool -static -arch_only x86_64 -D -syslibroot /Users/apple/Downloads/Xcode.app/Contents/Developer/Platforms/iPhoneSimulator.platform/Developer/SDKs/iPhoneSimulator15.5.sdk -L/Users/apple/Library/Developer/Xcode/DerivedData/Signet-dfscuohdbulpozgkivkkztfuyrqz/Build/Products/Debug-iphonesimulator/RCT-Folly -filelist /Users/apple/Library/Developer/Xcode/DerivedData/Signet-dfscuohdbulpozgkivkkztfuyrqz/Build/Intermediates.noindex/Pods.build/Debug-iphonesimulator/RCT-Folly.build/Objects-normal/x86_64/RCT-Folly.LinkFileList -dependency_info /Users/apple/Library/Developer/Xcode/DerivedData/Signet-dfscuohdbulpozgkivkkztfuyrqz/Build/Intermediates.noindex/Pods.build/Debug-iphonesimulator/RCT-Folly.build/Objects-normal/x86_64/RCT-Folly_libtool_dependency_info.dat -o /Users/apple/Library/Developer/Xcode/DerivedData/Signet-dfscuohdbulpozgkivkkztfuyrqz/Build/Products/Debug-iphonesimulator/RCT-Folly/libRCT-Folly.a

ProcessInfoPlistFile /Users/apple/Library/Developer/Xcode/DerivedData/Signet-dfscuohdbulpozgkivkkztfuyrqz/Build/Products/Debug-iphonesimulator/React-Core/AccessibilityResources.bundle/Info.plist /Users/apple/Desktop/Umee/Signet/ios/Pods/Target\ Support\ Files/React-Core/ResourceBundle-AccessibilityResources-React-Core-Info.plist (in target 'React-Core-AccessibilityResources' from project 'Pods')
    cd /Users/apple/Desktop/Umee/Signet/ios/Pods
    builtin-infoPlistUtility /Users/apple/Desktop/Umee/Signet/ios/Pods/Target\ Support\ Files/React-Core/ResourceBundle-AccessibilityResources-React-Core-Info.plist -producttype com.apple.product-type.bundle -expandbuildsettings -format binary -platform iphonesimulator -o /Users/apple/Library/Developer/Xcode/DerivedData/Signet-dfscuohdbulpozgkivkkztfuyrqz/Build/Products/Debug-iphonesimulator/React-Core/AccessibilityResources.bundle/Info.plist

CodeSign /Users/apple/Library/Developer/Xcode/DerivedData/Signet-dfscuohdbulpozgkivkkztfuyrqz/Build/Products/Debug-iphonesimulator/React-Core/AccessibilityResources.bundle (in target 'React-Core-AccessibilityResources' from project 'Pods')
    cd /Users/apple/Desktop/Umee/Signet/ios/Pods
    export CODESIGN_ALLOCATE\=/Users/apple/Downloads/Xcode.app/Contents/Developer/Toolchains/XcodeDefault.xctoolchain/usr/bin/codesign_allocate
    
    Signing Identity:     "-"
    
    /usr/bin/codesign --force --sign - --timestamp\=none --generate-entitlement-der /Users/apple/Library/Developer/Xcode/DerivedData/Signet-dfscuohdbulpozgkivkkztfuyrqz/Build/Products/Debug-iphonesimulator/React-Core/AccessibilityResources.bundle
/Users/apple/Library/Developer/Xcode/DerivedData/Signet-dfscuohdbulpozgkivkkztfuyrqz/Build/Products/Debug-iphonesimulator/React-Core/AccessibilityResources.bundle: replacing existing signature

ProcessProductPackaging "" /Users/apple/Library/Developer/Xcode/DerivedData/Signet-dfscuohdbulpozgkivkkztfuyrqz/Build/Intermediates.noindex/Signet.build/Debug-iphonesimulator/Signet.build/Signet.app.xcent (in target 'Signet' from project 'Signet')
    cd /Users/apple/Desktop/Umee/Signet/ios
    
    Entitlements:
    
    {
    "com.apple.security.get-task-allow" = 1;
}
    
    builtin-productPackagingUtility -entitlements -format xml -o /Users/apple/Library/Developer/Xcode/DerivedData/Signet-dfscuohdbulpozgkivkkztfuyrqz/Build/Intermediates.noindex/Signet.build/Debug-iphonesimulator/Signet.build/Signet.app.xcent

ProcessProductPackaging "" /Users/apple/Library/Developer/Xcode/DerivedData/Signet-dfscuohdbulpozgkivkkztfuyrqz/Build/Intermediates.noindex/Signet.build/Debug-iphonesimulator/Signet.build/Signet.app-Simulated.xcent (in target 'Signet' from project 'Signet')
    cd /Users/apple/Desktop/Umee/Signet/ios
    
    Entitlements:
    
    {
    "application-identifier" = "P46C9W84B5.org.reactjs.native.example.Signet";
}
    
    builtin-productPackagingUtility -entitlements -format xml -o /Users/apple/Library/Developer/Xcode/DerivedData/Signet-dfscuohdbulpozgkivkkztfuyrqz/Build/Intermediates.noindex/Signet.build/Debug-iphonesimulator/Signet.build/Signet.app-Simulated.xcent

PhaseScriptExecution Start\ Packager /Users/apple/Library/Developer/Xcode/DerivedData/Signet-dfscuohdbulpozgkivkkztfuyrqz/Build/Intermediates.noindex/Signet.build/Debug-iphonesimulator/Signet.build/Script-FD10A7F022414F080027D42C.sh (in target 'Signet' from project 'Signet')
    cd /Users/apple/Desktop/Umee/Signet/ios
    /bin/sh -c /Users/apple/Library/Developer/Xcode/DerivedData/Signet-dfscuohdbulpozgkivkkztfuyrqz/Build/Intermediates.noindex/Signet.build/Debug-iphonesimulator/Signet.build/Script-FD10A7F022414F080027D42C.sh

Ld /Users/apple/Library/Developer/Xcode/DerivedData/Signet-dfscuohdbulpozgkivkkztfuyrqz/Build/Products/Debug-iphonesimulator/Signet.app/Signet normal (in target 'Signet' from project 'Signet')
    cd /Users/apple/Desktop/Umee/Signet/ios
    /Users/apple/Downloads/Xcode.app/Contents/Developer/Toolchains/XcodeDefault.xctoolchain/usr/bin/clang++ -target x86_64-apple-ios11.0-simulator -isysroot /Users/apple/Downloads/Xcode.app/Contents/Developer/Platforms/iPhoneSimulator.platform/Developer/SDKs/iPhoneSimulator15.5.sdk -L/Users/apple/Library/Developer/Xcode/DerivedData/Signet-dfscuohdbulpozgkivkkztfuyrqz/Build/Products/Debug-iphonesimulator -L/Users/apple/Downloads/Xcode.app/Contents/Developer/Platforms/iPhoneSimulator.platform/Developer/SDKs/iPhoneSimulator15.5.sdk/usr/lib/swift -L/Users/apple/Downloads/Xcode.app/Contents/Developer/Toolchains/XcodeDefault.xctoolchain/usr/lib/swift/iphonesimulator -L/Users/apple/Downloads/Xcode.app/Contents/Developer/Toolchains/XcodeDefault.xctoolchain/usr/lib/swift/iphonesimulator -L/Users/apple/Library/Developer/Xcode/DerivedData/Signet-dfscuohdbulpozgkivkkztfuyrqz/Build/Products/Debug-iphonesimulator/BVLinearGradient -L/Users/apple/Library/Developer/Xcode/DerivedData/Signet-dfscuohdbulpozgkivkkztfuyrqz/Build/Products/Debug-iphonesimulator/CocoaAsyncSocket -L/Users/apple/Library/Developer/Xcode/DerivedData/Signet-dfscuohdbulpozgkivkkztfuyrqz/Build/Products/Debug-iphonesimulator/DoubleConversion -L/Users/apple/Library/Developer/Xcode/DerivedData/Signet-dfscuohdbulpozgkivkkztfuyrqz/Build/Products/Debug-iphonesimulator/Flipper -L/Users/apple/Library/Developer/Xcode/DerivedData/Signet-dfscuohdbulpozgkivkkztfuyrqz/Build/Products/Debug-iphonesimulator/Flipper-Boost-iOSX -L/Users/apple/Library/Developer/Xcode/DerivedData/Signet-dfscuohdbulpozgkivkkztfuyrqz/Build/Products/Debug-iphonesimulator/Flipper-Fmt -L/Users/apple/Library/Developer/Xcode/DerivedData/Signet-dfscuohdbulpozgkivkkztfuyrqz/Build/Products/Debug-iphonesimulator/Flipper-Folly -L/Users/apple/Library/Developer/Xcode/DerivedData/Signet-dfscuohdbulpozgkivkkztfuyrqz/Build/Products/Debug-iphonesimulator/Flipper-PeerTalk -L/Users/apple/Library/Developer/Xcode/DerivedData/Signet-dfscuohdbulpozgkivkkztfuyrqz/Build/Products/Debug-iphonesimulator/Flipper-RSocket -L/Users/apple/Library/Developer/Xcode/DerivedData/Signet-dfscuohdbulpozgkivkkztfuyrqz/Build/Products/Debug-iphonesimulator/FlipperKit -L/Users/apple/Library/Developer/Xcode/DerivedData/Signet-dfscuohdbulpozgkivkkztfuyrqz/Build/Products/Debug-iphonesimulator/RCT-Folly -L/Users/apple/Library/Developer/Xcode/DerivedData/Signet-dfscuohdbulpozgkivkkztfuyrqz/Build/Products/Debug-iphonesimulator/RCTTypeSafety -L/Users/apple/Library/Developer/Xcode/DerivedData/Signet-dfscuohdbulpozgkivkkztfuyrqz/Build/Products/Debug-iphonesimulator/RNGestureHandler -L/Users/apple/Library/Developer/Xcode/DerivedData/Signet-dfscuohdbulpozgkivkkztfuyrqz/Build/Products/Debug-iphonesimulator/RNSVG -L/Users/apple/Library/Developer/Xcode/DerivedData/Signet-dfscuohdbulpozgkivkkztfuyrqz/Build/Products/Debug-iphonesimulator/RNScreens -L/Users/apple/Library/Developer/Xcode/DerivedData/Signet-dfscuohdbulpozgkivkkztfuyrqz/Build/Products/Debug-iphonesimulator/RNVectorIcons -L/Users/apple/Library/Developer/Xcode/DerivedData/Signet-dfscuohdbulpozgkivkkztfuyrqz/Build/Products/Debug-iphonesimulator/React-Codegen -L/Users/apple/Library/Developer/Xcode/DerivedData/Signet-dfscuohdbulpozgkivkkztfuyrqz/Build/Products/Debug-iphonesimulator/React-Core -L/Users/apple/Library/Developer/Xcode/DerivedData/Signet-dfscuohdbulpozgkivkkztfuyrqz/Build/Products/Debug-iphonesimulator/React-CoreModules -L/Users/apple/Library/Developer/Xcode/DerivedData/Signet-dfscuohdbulpozgkivkkztfuyrqz/Build/Products/Debug-iphonesimulator/React-RCTAnimation -L/Users/apple/Library/Developer/Xcode/DerivedData/Signet-dfscuohdbulpozgkivkkztfuyrqz/Build/Products/Debug-iphonesimulator/React-RCTBlob -L/Users/apple/Library/Developer/Xcode/DerivedData/Signet-dfscuohdbulpozgkivkkztfuyrqz/Build/Products/Debug-iphonesimulator/React-RCTImage -L/Users/apple/Library/Developer/Xcode/DerivedData/Signet-dfscuohdbulpozgkivkkztfuyrqz/Build/Products/Debug-iphonesimulator/React-RCTLinking -L/Users/apple/Library/Developer/Xcode/DerivedData/Signet-dfscuohdbulpozgkivkkztfuyrqz/Build/Products/Debug-iphonesimulator/React-RCTNetwork -L/Users/apple/Library/Developer/Xcode/DerivedData/Signet-dfscuohdbulpozgkivkkztfuyrqz/Build/Products/Debug-iphonesimulator/React-RCTSettings -L/Users/apple/Library/Developer/Xcode/DerivedData/Signet-dfscuohdbulpozgkivkkztfuyrqz/Build/Products/Debug-iphonesimulator/React-RCTText -L/Users/apple/Library/Developer/Xcode/DerivedData/Signet-dfscuohdbulpozgkivkkztfuyrqz/Build/Products/Debug-iphonesimulator/React-RCTVibration -L/Users/apple/Library/Developer/Xcode/DerivedData/Signet-dfscuohdbulpozgkivkkztfuyrqz/Build/Products/Debug-iphonesimulator/React-cxxreact -L/Users/apple/Library/Developer/Xcode/DerivedData/Signet-dfscuohdbulpozgkivkkztfuyrqz/Build/Products/Debug-iphonesimulator/React-jsi -L/Users/apple/Library/Developer/Xcode/DerivedData/Signet-dfscuohdbulpozgkivkkztfuyrqz/Build/Products/Debug-iphonesimulator/React-jsiexecutor -L/Users/apple/Library/Developer/Xcode/DerivedData/Signet-dfscuohdbulpozgkivkkztfuyrqz/Build/Products/Debug-iphonesimulator/React-jsinspector -L/Users/apple/Library/Developer/Xcode/DerivedData/Signet-dfscuohdbulpozgkivkkztfuyrqz/Build/Products/Debug-iphonesimulator/React-logger -L/Users/apple/Library/Developer/Xcode/DerivedData/Signet-dfscuohdbulpozgkivkkztfuyrqz/Build/Products/Debug-iphonesimulator/React-perflogger -L/Users/apple/Library/Developer/Xcode/DerivedData/Signet-dfscuohdbulpozgkivkkztfuyrqz/Build/Products/Debug-iphonesimulator/ReactCommon -L/Users/apple/Library/Developer/Xcode/DerivedData/Signet-dfscuohdbulpozgkivkkztfuyrqz/Build/Products/Debug-iphonesimulator/SocketRocket -L/Users/apple/Library/Developer/Xcode/DerivedData/Signet-dfscuohdbulpozgkivkkztfuyrqz/Build/Products/Debug-iphonesimulator/Yoga -L/Users/apple/Library/Developer/Xcode/DerivedData/Signet-dfscuohdbulpozgkivkkztfuyrqz/Build/Products/Debug-iphonesimulator/YogaKit -L/Users/apple/Library/Developer/Xcode/DerivedData/Signet-dfscuohdbulpozgkivkkztfuyrqz/Build/Products/Debug-iphonesimulator/fmt -L/Users/apple/Library/Developer/Xcode/DerivedData/Signet-dfscuohdbulpozgkivkkztfuyrqz/Build/Products/Debug-iphonesimulator/glog -L/Users/apple/Library/Developer/Xcode/DerivedData/Signet-dfscuohdbulpozgkivkkztfuyrqz/Build/Products/Debug-iphonesimulator/libevent -L/Users/apple/Library/Developer/Xcode/DerivedData/Signet-dfscuohdbulpozgkivkkztfuyrqz/Build/Products/Debug-iphonesimulator/react-native-safe-area-context -L/Users/apple/Downloads/Xcode.app/Contents/Developer/Platforms/iPhoneSimulator.platform/Developer/SDKs/iPhoneSimulator15.5.sdk/usr/lib/swift -F/Users/apple/Library/Developer/Xcode/DerivedData/Signet-dfscuohdbulpozgkivkkztfuyrqz/Build/Products/Debug-iphonesimulator -F/Users/apple/Desktop/Umee/Signet/ios/Pods/Flipper-DoubleConversion/Frameworks -F/Users/apple/Desktop/Umee/Signet/ios/Pods/Flipper-Glog/Frameworks -F/Users/apple/Desktop/Umee/Signet/ios/Pods/OpenSSL-Universal/Frameworks -F/Users/apple/Library/Developer/Xcode/DerivedData/Signet-dfscuohdbulpozgkivkkztfuyrqz/Build/Products/Debug-iphonesimulator/XCFrameworkIntermediates/Flipper-DoubleConversion -F/Users/apple/Library/Developer/Xcode/DerivedData/Signet-dfscuohdbulpozgkivkkztfuyrqz/Build/Products/Debug-iphonesimulator/XCFrameworkIntermediates/Flipper-Glog -F/Users/apple/Library/Developer/Xcode/DerivedData/Signet-dfscuohdbulpozgkivkkztfuyrqz/Build/Products/Debug-iphonesimulator/XCFrameworkIntermediates/OpenSSL-Universal -filelist /Users/apple/Library/Developer/Xcode/DerivedData/Signet-dfscuohdbulpozgkivkkztfuyrqz/Build/Intermediates.noindex/Signet.build/Debug-iphonesimulator/Signet.build/Objects-normal/x86_64/Signet.LinkFileList -Xlinker -rpath -Xlinker /usr/lib/swift -Xlinker -rpath -Xlinker /usr/lib/swift -Xlinker -rpath -Xlinker @executable_path/Frameworks -Xlinker -rpath -Xlinker @loader_path/Frameworks -Xlinker -rpath -Xlinker @executable_path/Frameworks -dead_strip -Xlinker -object_path_lto -Xlinker /Users/apple/Library/Developer/Xcode/DerivedData/Signet-dfscuohdbulpozgkivkkztfuyrqz/Build/Intermediates.noindex/Signet.build/Debug-iphonesimulator/Signet.build/Objects-normal/x86_64/Signet_lto.o -Xlinker -export_dynamic -Xlinker -no_deduplicate -Xlinker -objc_abi_version -Xlinker 2 -stdlib\=libc++ -fobjc-arc -fobjc-link-runtime -ObjC -lBVLinearGradient -lCocoaAsyncSocket -lDoubleConversion -lFlipper -lFlipper-Boost-iOSX -lFlipper-Fmt -lFlipper-Folly -lFlipper-PeerTalk -lFlipper-RSocket -lFlipperKit -lRCT-Folly -lRCTTypeSafety -lRNGestureHandler -lRNSVG -lRNScreens -lRNVectorIcons -lReact-Codegen -lReact-Core -lReact-CoreModules -lReact-RCTAnimation -lReact-RCTBlob -lReact-RCTImage -lReact-RCTLinking -lReact-RCTNetwork -lReact-RCTSettings -lReact-RCTText -lReact-RCTVibration -lReact-cxxreact -lReact-jsi -lReact-jsiexecutor -lReact-jsinspector -lReact-logger -lReact-perflogger -lReactCommon -lSocketRocket -lYoga -lYogaKit -lc++ -lc++abi -lfmt -lglog -licucore -llibevent -lreact-native-safe-area-context -lstdc++ -framework AudioToolbox -framework CFNetwork -framework Foundation -framework JavaScriptCore -framework MobileCoreServices -framework OpenSSL -framework QuartzCore -framework Security -framework UIKit -framework double-conversion -framework glog -ObjC -lc++ -Xlinker -sectcreate -Xlinker __TEXT -Xlinker __entitlements -Xlinker /Users/apple/Library/Developer/Xcode/DerivedData/Signet-dfscuohdbulpozgkivkkztfuyrqz/Build/Intermediates.noindex/Signet.build/Debug-iphonesimulator/Signet.build/Signet.app-Simulated.xcent -lPods-Signet -Xlinker -no_adhoc_codesign -Xlinker -dependency_info -Xlinker /Users/apple/Library/Developer/Xcode/DerivedData/Signet-dfscuohdbulpozgkivkkztfuyrqz/Build/Intermediates.noindex/Signet.build/Debug-iphonesimulator/Signet.build/Objects-normal/x86_64/Signet_dependency_info.dat -o /Users/apple/Library/Developer/Xcode/DerivedData/Signet-dfscuohdbulpozgkivkkztfuyrqz/Build/Products/Debug-iphonesimulator/Signet.app/Signet
ld: warning: duplicate symbol 'folly::detail::str_to_bool(folly::Range<char const*>*)' in:
    /Users/apple/Library/Developer/Xcode/DerivedData/Signet-dfscuohdbulpozgkivkkztfuyrqz/Build/Products/Debug-iphonesimulator/Flipper-Folly/libFlipper-Folly.a(Conv.o)
    /Users/apple/Library/Developer/Xcode/DerivedData/Signet-dfscuohdbulpozgkivkkztfuyrqz/Build/Products/Debug-iphonesimulator/RCT-Folly/libRCT-Folly.a(Conv.o)
ld: warning: duplicate symbol 'folly::makeConversionError(folly::ConversionCode, folly::Range<char const*>)' in:
    /Users/apple/Library/Developer/Xcode/DerivedData/Signet-dfscuohdbulpozgkivkkztfuyrqz/Build/Products/Debug-iphonesimulator/Flipper-Folly/libFlipper-Folly.a(Conv.o)
    /Users/apple/Library/Developer/Xcode/DerivedData/Signet-dfscuohdbulpozgkivkkztfuyrqz/Build/Products/Debug-iphonesimulator/RCT-Folly/libRCT-Folly.a(Conv.o)
ld: warning: method '+UIStatusBarAnimation:' in category from /Users/apple/Library/Developer/Xcode/DerivedData/Signet-dfscuohdbulpozgkivkkztfuyrqz/Build/Products/Debug-iphonesimulator/React-CoreModules/libReact-CoreModules.a(RCTStatusBarManager.o) conflicts with same method from another category

ProcessInfoPlistFile /Users/apple/Library/Developer/Xcode/DerivedData/Signet-dfscuohdbulpozgkivkkztfuyrqz/Build/Products/Debug-iphonesimulator/Signet.app/Info.plist /Users/apple/Desktop/Umee/Signet/ios/Signet/Info.plist (in target 'Signet' from project 'Signet')
    cd /Users/apple/Desktop/Umee/Signet/ios
    builtin-infoPlistUtility /Users/apple/Desktop/Umee/Signet/ios/Signet/Info.plist -producttype com.apple.product-type.application -genpkginfo /Users/apple/Library/Developer/Xcode/DerivedData/Signet-dfscuohdbulpozgkivkkztfuyrqz/Build/Products/Debug-iphonesimulator/Signet.app/PkgInfo -expandbuildsettings -format binary -platform iphonesimulator -additionalcontentfile /Users/apple/Library/Developer/Xcode/DerivedData/Signet-dfscuohdbulpozgkivkkztfuyrqz/Build/Intermediates.noindex/Signet.build/Debug-iphonesimulator/Signet.build/LaunchScreen-SBPartialInfo.plist -additionalcontentfile /Users/apple/Library/Developer/Xcode/DerivedData/Signet-dfscuohdbulpozgkivkkztfuyrqz/Build/Intermediates.noindex/Signet.build/Debug-iphonesimulator/Signet.build/assetcatalog_generated_info.plist -o /Users/apple/Library/Developer/Xcode/DerivedData/Signet-dfscuohdbulpozgkivkkztfuyrqz/Build/Products/Debug-iphonesimulator/Signet.app/Info.plist

PhaseScriptExecution Bundle\ React\ Native\ code\ and\ images /Users/apple/Library/Developer/Xcode/DerivedData/Signet-dfscuohdbulpozgkivkkztfuyrqz/Build/Intermediates.noindex/Signet.build/Debug-iphonesimulator/Signet.build/Script-00DD1BFF1BD5951E006B06BC.sh (in target 'Signet' from project 'Signet')
    cd /Users/apple/Desktop/Umee/Signet/ios
    export ACTION\=build
    export AD_HOC_CODE_SIGNING_ALLOWED\=YES
    export ALLOW_TARGET_PLATFORM_SPECIALIZATION\=NO
    export ALTERNATE_GROUP\=staff
    export ALTERNATE_MODE\=u+w,go-w,a+rX
    export ALTERNATE_OWNER\=apple
    export ALWAYS_EMBED_SWIFT_STANDARD_LIBRARIES\=YES
    export ALWAYS_SEARCH_USER_PATHS\=NO
    export ALWAYS_USE_SEPARATE_HEADERMAPS\=NO
    export APPLE_INTERNAL_DEVELOPER_DIR\=/AppleInternal/Developer
    export APPLE_INTERNAL_DIR\=/AppleInternal
    export APPLE_INTERNAL_DOCUMENTATION_DIR\=/AppleInternal/Documentation
    export APPLE_INTERNAL_LIBRARY_DIR\=/AppleInternal/Library
    export APPLE_INTERNAL_TOOLS\=/AppleInternal/Developer/Tools
    export APPLICATION_EXTENSION_API_ONLY\=NO
    export APPLY_RULES_IN_COPY_FILES\=NO
    export APPLY_RULES_IN_COPY_HEADERS\=NO
    export ARCHS\=x86_64
    export ARCHS_STANDARD\=arm64\ x86_64
    export ARCHS_STANDARD_32_64_BIT\=arm64\ i386\ x86_64
    export ARCHS_STANDARD_32_BIT\=i386
    export ARCHS_STANDARD_64_BIT\=arm64\ x86_64
    export ARCHS_STANDARD_INCLUDING_64_BIT\=arm64\ x86_64
    export ARCHS_UNIVERSAL_IPHONE_OS\=arm64\ i386\ x86_64
    export ASSETCATALOG_COMPILER_APPICON_NAME\=AppIcon
    export ASSETCATALOG_FILTER_FOR_DEVICE_MODEL\=iPhone14,5
    export ASSETCATALOG_FILTER_FOR_DEVICE_OS_VERSION\=15.5
    export AVAILABLE_PLATFORMS\=appletvos\ appletvsimulator\ driverkit\ iphoneos\ iphonesimulator\ macosx\ watchos\ watchsimulator
    export AppIdentifierPrefix\=P46C9W84B5.
    export BITCODE_GENERATION_MODE\=marker
    export BUILD_ACTIVE_RESOURCES_ONLY\=YES
    export BUILD_COMPONENTS\=headers\ build
    export BUILD_DIR\=/Users/apple/Library/Developer/Xcode/DerivedData/Signet-dfscuohdbulpozgkivkkztfuyrqz/Build/Products
    export BUILD_LIBRARY_FOR_DISTRIBUTION\=NO
    export BUILD_ROOT\=/Users/apple/Library/Developer/Xcode/DerivedData/Signet-dfscuohdbulpozgkivkkztfuyrqz/Build/Products
    export BUILD_STYLE\=
    export BUILD_VARIANTS\=normal
    export BUILT_PRODUCTS_DIR\=/Users/apple/Library/Developer/Xcode/DerivedData/Signet-dfscuohdbulpozgkivkkztfuyrqz/Build/Products/Debug-iphonesimulator
    export BUNDLE_CONTENTS_FOLDER_PATH_deep\=Contents/
    export BUNDLE_EXECUTABLE_FOLDER_NAME_deep\=MacOS
    export BUNDLE_FORMAT\=shallow
    export BUNDLE_FRAMEWORKS_FOLDER_PATH\=Frameworks
    export BUNDLE_PLUGINS_FOLDER_PATH\=PlugIns
    export BUNDLE_PRIVATE_HEADERS_FOLDER_PATH\=PrivateHeaders
    export BUNDLE_PUBLIC_HEADERS_FOLDER_PATH\=Headers
    export CACHE_ROOT\=/var/folders/cx/l5shx3w924972b6th6zc3dyc0000gn/C/com.apple.DeveloperTools/13.4-13F17a/Xcode
    export CCHROOT\=/var/folders/cx/l5shx3w924972b6th6zc3dyc0000gn/C/com.apple.DeveloperTools/13.4-13F17a/Xcode
    export CHMOD\=/bin/chmod
    export CHOWN\=/usr/sbin/chown
    export CLANG_ANALYZER_LOCALIZABILITY_NONLOCALIZED\=YES
    export CLANG_CXX_LANGUAGE_STANDARD\=c++17
    export CLANG_CXX_LIBRARY\=libc++
    export CLANG_ENABLE_MODULES\=YES
    export CLANG_ENABLE_OBJC_ARC\=YES
    export CLANG_MODULES_BUILD_SESSION_FILE\=/Users/apple/Library/Developer/Xcode/DerivedData/ModuleCache.noindex/Session.modulevalidation
    export CLANG_WARN_BLOCK_CAPTURE_AUTORELEASING\=YES
    export CLANG_WARN_BOOL_CONVERSION\=YES
    export CLANG_WARN_COMMA\=YES
    export CLANG_WARN_CONSTANT_CONVERSION\=YES
    export CLANG_WARN_DEPRECATED_OBJC_IMPLEMENTATIONS\=YES
    export CLANG_WARN_DIRECT_OBJC_ISA_USAGE\=YES_ERROR
    export CLANG_WARN_EMPTY_BODY\=YES
    export CLANG_WARN_ENUM_CONVERSION\=YES
    export CLANG_WARN_INFINITE_RECURSION\=YES
    export CLANG_WARN_INT_CONVERSION\=YES
    export CLANG_WARN_NON_LITERAL_NULL_CONVERSION\=YES
    export CLANG_WARN_OBJC_IMPLICIT_RETAIN_SELF\=YES
    export CLANG_WARN_OBJC_LITERAL_CONVERSION\=YES
    export CLANG_WARN_OBJC_ROOT_CLASS\=YES_ERROR
    export CLANG_WARN_QUOTED_INCLUDE_IN_FRAMEWORK_HEADER\=NO
    export CLANG_WARN_RANGE_LOOP_ANALYSIS\=YES
    export CLANG_WARN_STRICT_PROTOTYPES\=YES
    export CLANG_WARN_SUSPICIOUS_MOVE\=YES
    export CLANG_WARN_UNREACHABLE_CODE\=YES
    export CLANG_WARN__DUPLICATE_METHOD_MATCH\=YES
    export CLASS_FILE_DIR\=/Users/apple/Library/Developer/Xcode/DerivedData/Signet-dfscuohdbulpozgkivkkztfuyrqz/Build/Intermediates.noindex/Signet.build/Debug-iphonesimulator/Signet.build/JavaClasses
    export CLEAN_PRECOMPS\=YES
    export CLONE_HEADERS\=NO
    export CODESIGNING_FOLDER_PATH\=/Users/apple/Library/Developer/Xcode/DerivedData/Signet-dfscuohdbulpozgkivkkztfuyrqz/Build/Products/Debug-iphonesimulator/Signet.app
    export CODE_SIGNING_ALLOWED\=YES
    export CODE_SIGNING_REQUIRED\=YES
    export CODE_SIGN_CONTEXT_CLASS\=XCiPhoneSimulatorCodeSignContext
    export CODE_SIGN_IDENTITY\=-
    export CODE_SIGN_INJECT_BASE_ENTITLEMENTS\=YES
    export COLOR_DIAGNOSTICS\=NO
    export COMBINE_HIDPI_IMAGES\=NO
    export COMPILER_INDEX_STORE_ENABLE\=Default
    export COMPOSITE_SDK_DIRS\=/Users/apple/Library/Developer/Xcode/DerivedData/Signet-dfscuohdbulpozgkivkkztfuyrqz/Build/Intermediates.noindex/CompositeSDKs
    export COMPRESS_PNG_FILES\=YES
    export CONFIGURATION\=Debug
    export CONFIGURATION_BUILD_DIR\=/Users/apple/Library/Developer/Xcode/DerivedData/Signet-dfscuohdbulpozgkivkkztfuyrqz/Build/Products/Debug-iphonesimulator
    export CONFIGURATION_TEMP_DIR\=/Users/apple/Library/Developer/Xcode/DerivedData/Signet-dfscuohdbulpozgkivkkztfuyrqz/Build/Intermediates.noindex/Signet.build/Debug-iphonesimulator
    export CONTENTS_FOLDER_PATH\=Signet.app
    export CONTENTS_FOLDER_PATH_SHALLOW_BUNDLE_NO\=Signet.app/Contents
    export CONTENTS_FOLDER_PATH_SHALLOW_BUNDLE_YES\=Signet.app
    export COPYING_PRESERVES_HFS_DATA\=NO
    export COPY_HEADERS_RUN_UNIFDEF\=NO
    export COPY_PHASE_STRIP\=NO
    export COPY_RESOURCES_FROM_STATIC_FRAMEWORKS\=YES
    export CORRESPONDING_DEVICE_PLATFORM_DIR\=/Users/apple/Downloads/Xcode.app/Contents/Developer/Platforms/iPhoneOS.platform
    export CORRESPONDING_DEVICE_PLATFORM_NAME\=iphoneos
    export CORRESPONDING_DEVICE_SDK_DIR\=/Users/apple/Downloads/Xcode.app/Contents/Developer/Platforms/iPhoneOS.platform/Developer/SDKs/iPhoneOS15.5.sdk
    export CORRESPONDING_DEVICE_SDK_NAME\=iphoneos15.5
    export CP\=/bin/cp
    export CREATE_INFOPLIST_SECTION_IN_BINARY\=NO
    export CURRENT_ARCH\=undefined_arch
    export CURRENT_PROJECT_VERSION\=1
    export CURRENT_VARIANT\=normal
    export DEAD_CODE_STRIPPING\=YES
    export DEBUGGING_SYMBOLS\=YES
    export DEBUG_INFORMATION_FORMAT\=dwarf-with-dsym
    export DEFAULT_COMPILER\=com.apple.compilers.llvm.clang.1_0
    export DEFAULT_DEXT_INSTALL_PATH\=/System/Library/DriverExtensions
    export DEFAULT_KEXT_INSTALL_PATH\=/System/Library/Extensions
    export DEFINES_MODULE\=NO
    export DEPLOYMENT_LOCATION\=NO
    export DEPLOYMENT_POSTPROCESSING\=NO
    export DEPLOYMENT_TARGET_SETTING_NAME\=IPHONEOS_DEPLOYMENT_TARGET
    export DEPLOYMENT_TARGET_SUGGESTED_VALUES\=9.0\ 9.1\ 9.2\ 9.3\ 10.0\ 10.1\ 10.2\ 10.3\ 11.0\ 11.1\ 11.2\ 11.3\ 11.4\ 12.0\ 12.1\ 12.2\ 12.3\ 12.4\ 13.0\ 13.1\ 13.2\ 13.3\ 13.4\ 13.5\ 13.6\ 14.0\ 14.1\ 14.2\ 14.3\ 14.4\ 14.5\ 14.6\ 14.7\ 15.0\ 15.1\ 15.2\ 15.3\ 15.4\ 15.5
    export DERIVED_FILES_DIR\=/Users/apple/Library/Developer/Xcode/DerivedData/Signet-dfscuohdbulpozgkivkkztfuyrqz/Build/Intermediates.noindex/Signet.build/Debug-iphonesimulator/Signet.build/DerivedSources
    export DERIVED_FILE_DIR\=/Users/apple/Library/Developer/Xcode/DerivedData/Signet-dfscuohdbulpozgkivkkztfuyrqz/Build/Intermediates.noindex/Signet.build/Debug-iphonesimulator/Signet.build/DerivedSources
    export DERIVED_SOURCES_DIR\=/Users/apple/Library/Developer/Xcode/DerivedData/Signet-dfscuohdbulpozgkivkkztfuyrqz/Build/Intermediates.noindex/Signet.build/Debug-iphonesimulator/Signet.build/DerivedSources
    export DEVELOPER_APPLICATIONS_DIR\=/Users/apple/Downloads/Xcode.app/Contents/Developer/Applications
    export DEVELOPER_BIN_DIR\=/Users/apple/Downloads/Xcode.app/Contents/Developer/usr/bin
    export DEVELOPER_DIR\=/Users/apple/Downloads/Xcode.app/Contents/Developer
    export DEVELOPER_FRAMEWORKS_DIR\=/Users/apple/Downloads/Xcode.app/Contents/Developer/Library/Frameworks
    export DEVELOPER_FRAMEWORKS_DIR_QUOTED\=/Users/apple/Downloads/Xcode.app/Contents/Developer/Library/Frameworks
    export DEVELOPER_LIBRARY_DIR\=/Users/apple/Downloads/Xcode.app/Contents/Developer/Library
    export DEVELOPER_SDK_DIR\=/Users/apple/Downloads/Xcode.app/Contents/Developer/Platforms/MacOSX.platform/Developer/SDKs
    export DEVELOPER_TOOLS_DIR\=/Users/apple/Downloads/Xcode.app/Contents/Developer/Tools
    export DEVELOPER_USR_DIR\=/Users/apple/Downloads/Xcode.app/Contents/Developer/usr
    export DEVELOPMENT_LANGUAGE\=en
    export DOCUMENTATION_FOLDER_PATH\=Signet.app/en.lproj/Documentation
    export DONT_GENERATE_INFOPLIST_FILE\=NO
    export DO_HEADER_SCANNING_IN_JAM\=NO
    export DSTROOT\=/tmp/Signet.dst
    export DT_TOOLCHAIN_DIR\=/Users/apple/Downloads/Xcode.app/Contents/Developer/Toolchains/XcodeDefault.xctoolchain
    export DWARF_DSYM_FILE_NAME\=Signet.app.dSYM
    export DWARF_DSYM_FILE_SHOULD_ACCOMPANY_PRODUCT\=NO
    export DWARF_DSYM_FOLDER_PATH\=/Users/apple/Library/Developer/Xcode/DerivedData/Signet-dfscuohdbulpozgkivkkztfuyrqz/Build/Products/Debug-iphonesimulator
    export DYNAMIC_LIBRARY_EXTENSION\=dylib
    export EFFECTIVE_PLATFORM_NAME\=-iphonesimulator
    export EMBEDDED_CONTENT_CONTAINS_SWIFT\=NO
    export EMBED_ASSET_PACKS_IN_PRODUCT_BUNDLE\=NO
    export ENABLE_APP_SANDBOX\=NO
    export ENABLE_BITCODE\=NO
    export ENABLE_DEFAULT_HEADER_SEARCH_PATHS\=YES
    export ENABLE_DEFAULT_SEARCH_PATHS\=YES
    export ENABLE_HARDENED_RUNTIME\=NO
    export ENABLE_HEADER_DEPENDENCIES\=YES
    export ENABLE_ON_DEMAND_RESOURCES\=YES
    export ENABLE_PREVIEWS\=NO
    export ENABLE_STRICT_OBJC_MSGSEND\=YES
    export ENABLE_TESTABILITY\=YES
    export ENABLE_TESTING_SEARCH_PATHS\=NO
    export ENTITLEMENTS_DESTINATION\=__entitlements
    export ENTITLEMENTS_REQUIRED\=NO
    export EXCLUDED_INSTALLSRC_SUBDIRECTORY_PATTERNS\=.DS_Store\ .svn\ .git\ .hg\ CVS
    export EXCLUDED_RECURSIVE_SEARCH_PATH_SUBDIRECTORIES\=\*.nib\ \*.lproj\ \*.framework\ \*.gch\ \*.xcode\*\ \*.xcassets\ \(\*\)\ .DS_Store\ CVS\ .svn\ .git\ .hg\ \*.pbproj\ \*.pbxproj
    export EXECUTABLES_FOLDER_PATH\=Signet.app/Executables
    export EXECUTABLE_FOLDER_PATH\=Signet.app
    export EXECUTABLE_FOLDER_PATH_SHALLOW_BUNDLE_NO\=Signet.app/MacOS
    export EXECUTABLE_FOLDER_PATH_SHALLOW_BUNDLE_YES\=Signet.app
    export EXECUTABLE_NAME\=Signet
    export EXECUTABLE_PATH\=Signet.app/Signet
    export EXPANDED_CODE_SIGN_IDENTITY\=-
    export EXPANDED_CODE_SIGN_IDENTITY_NAME\=-
    export FILE_LIST\=/Users/apple/Library/Developer/Xcode/DerivedData/Signet-dfscuohdbulpozgkivkkztfuyrqz/Build/Intermediates.noindex/Signet.build/Debug-iphonesimulator/Signet.build/Objects/LinkFileList
    export FIXED_FILES_DIR\=/Users/apple/Library/Developer/Xcode/DerivedData/Signet-dfscuohdbulpozgkivkkztfuyrqz/Build/Intermediates.noindex/Signet.build/Debug-iphonesimulator/Signet.build/FixedFiles
    export FRAMEWORKS_FOLDER_PATH\=Signet.app/Frameworks
    export FRAMEWORK_FLAG_PREFIX\=-framework
    export FRAMEWORK_SEARCH_PATHS\=/Users/apple/Library/Developer/Xcode/DerivedData/Signet-dfscuohdbulpozgkivkkztfuyrqz/Build/Products/Debug-iphonesimulator\ \ \"/Users/apple/Desktop/Umee/Signet/ios/Pods/Flipper-DoubleConversion/Frameworks\"\ \"/Users/apple/Desktop/Umee/Signet/ios/Pods/Flipper-Glog/Frameworks\"\ \"/Users/apple/Desktop/Umee/Signet/ios/Pods/OpenSSL-Universal/Frameworks\"\ \"/Users/apple/Library/Developer/Xcode/DerivedData/Signet-dfscuohdbulpozgkivkkztfuyrqz/Build/Products/Debug-iphonesimulator/XCFrameworkIntermediates/Flipper-DoubleConversion\"\ \"/Users/apple/Library/Developer/Xcode/DerivedData/Signet-dfscuohdbulpozgkivkkztfuyrqz/Build/Products/Debug-iphonesimulator/XCFrameworkIntermediates/Flipper-Glog\"\ \"/Users/apple/Library/Developer/Xcode/DerivedData/Signet-dfscuohdbulpozgkivkkztfuyrqz/Build/Products/Debug-iphonesimulator/XCFrameworkIntermediates/OpenSSL-Universal\"
    export FRAMEWORK_VERSION\=A
    export FULL_PRODUCT_NAME\=Signet.app
    export GCC3_VERSION\=3.3
    export GCC_C_LANGUAGE_STANDARD\=gnu99
    export GCC_DYNAMIC_NO_PIC\=NO
    export GCC_INLINES_ARE_PRIVATE_EXTERN\=YES
    export GCC_NO_COMMON_BLOCKS\=YES
    export GCC_OBJC_LEGACY_DISPATCH\=YES
    export GCC_OPTIMIZATION_LEVEL\=0
    export GCC_PFE_FILE_C_DIALECTS\=c\ objective-c\ c++\ objective-c++
    export GCC_PREPROCESSOR_DEFINITIONS\=DEBUG\=1\ \ COCOAPODS\=1\ FB_SONARKIT_ENABLED\=1
    export GCC_SYMBOLS_PRIVATE_EXTERN\=NO
    export GCC_TREAT_WARNINGS_AS_ERRORS\=NO
    export GCC_VERSION\=com.apple.compilers.llvm.clang.1_0
    export GCC_VERSION_IDENTIFIER\=com_apple_compilers_llvm_clang_1_0
    export GCC_WARN_64_TO_32_BIT_CONVERSION\=YES
    export GCC_WARN_ABOUT_RETURN_TYPE\=YES_ERROR
    export GCC_WARN_UNDECLARED_SELECTOR\=YES
    export GCC_WARN_UNINITIALIZED_AUTOS\=YES_AGGRESSIVE
    export GCC_WARN_UNUSED_FUNCTION\=YES
    export GCC_WARN_UNUSED_VARIABLE\=YES
    export GENERATED_MODULEMAP_DIR\=/Users/apple/Library/Developer/Xcode/DerivedData/Signet-dfscuohdbulpozgkivkkztfuyrqz/Build/Intermediates.noindex/GeneratedModuleMaps-iphonesimulator
    export GENERATE_INFOPLIST_FILE\=NO
    export GENERATE_MASTER_OBJECT_FILE\=NO
    export GENERATE_PKGINFO_FILE\=YES
    export GENERATE_PROFILING_CODE\=NO
    export GENERATE_TEXT_BASED_STUBS\=NO
    export GID\=20
    export GROUP\=staff
    export HEADERMAP_INCLUDES_FLAT_ENTRIES_FOR_TARGET_BEING_BUILT\=YES
    export HEADERMAP_INCLUDES_FRAMEWORK_ENTRIES_FOR_ALL_PRODUCT_TYPES\=YES
    export HEADERMAP_INCLUDES_NONPUBLIC_NONPRIVATE_HEADERS\=YES
    export HEADERMAP_INCLUDES_PROJECT_HEADERS\=YES
    export HEADERMAP_USES_FRAMEWORK_PREFIX_ENTRIES\=YES
    export HEADERMAP_USES_VFS\=NO
    export HEADER_SEARCH_PATHS\=/Users/apple/Library/Developer/Xcode/DerivedData/Signet-dfscuohdbulpozgkivkkztfuyrqz/Build/Products/Debug-iphonesimulator/include\ \ \"/Users/apple/Desktop/Umee/Signet/ios/Pods/Headers/Public\"\ \"/Users/apple/Desktop/Umee/Signet/ios/Pods/Headers/Public/BVLinearGradient\"\ \"/Users/apple/Desktop/Umee/Signet/ios/Pods/Headers/Public/CocoaAsyncSocket\"\ \"/Users/apple/Desktop/Umee/Signet/ios/Pods/Headers/Public/DoubleConversion\"\ \"/Users/apple/Desktop/Umee/Signet/ios/Pods/Headers/Public/FBLazyVector\"\ \"/Users/apple/Desktop/Umee/Signet/ios/Pods/Headers/Public/Flipper\"\ \"/Users/apple/Desktop/Umee/Signet/ios/Pods/Headers/Public/Flipper-Fmt\"\ \"/Users/apple/Desktop/Umee/Signet/ios/Pods/Headers/Public/Flipper-Folly\"\ \"/Users/apple/Desktop/Umee/Signet/ios/Pods/Headers/Public/Flipper-PeerTalk\"\ \"/Users/apple/Desktop/Umee/Signet/ios/Pods/Headers/Public/Flipper-RSocket\"\ \"/Users/apple/Desktop/Umee/Signet/ios/Pods/Headers/Public/FlipperKit\"\ \"/Users/apple/Desktop/Umee/Signet/ios/Pods/Headers/Public/RCT-Folly\"\ \"/Users/apple/Desktop/Umee/Signet/ios/Pods/Headers/Public/RCTRequired\"\ \"/Users/apple/Desktop/Umee/Signet/ios/Pods/Headers/Public/RCTTypeSafety\"\ \"/Users/apple/Desktop/Umee/Signet/ios/Pods/Headers/Public/RNGestureHandler\"\ \"/Users/apple/Desktop/Umee/Signet/ios/Pods/Headers/Public/RNSVG\"\ \"/Users/apple/Desktop/Umee/Signet/ios/Pods/Headers/Public/RNScreens\"\ \"/Users/apple/Desktop/Umee/Signet/ios/Pods/Headers/Public/RNVectorIcons\"\ \"/Users/apple/Desktop/Umee/Signet/ios/Pods/Headers/Public/React-Codegen\"\ \"/Users/apple/Desktop/Umee/Signet/ios/Pods/Headers/Public/React-Core\"\ \"/Users/apple/Desktop/Umee/Signet/ios/Pods/Headers/Public/React-RCTBlob\"\ \"/Users/apple/Desktop/Umee/Signet/ios/Pods/Headers/Public/React-RCTText\"\ \"/Users/apple/Desktop/Umee/Signet/ios/Pods/Headers/Public/React-callinvoker\"\ \"/Users/apple/Desktop/Umee/Signet/ios/Pods/Headers/Public/React-cxxreact\"\ \"/Users/apple/Desktop/Umee/Signet/ios/Pods/Headers/Public/React-jsi\"\ \"/Users/apple/Desktop/Umee/Signet/ios/Pods/Headers/Public/React-jsiexecutor\"\ \"/Users/apple/Desktop/Umee/Signet/ios/Pods/Headers/Public/React-jsinspector\"\ \"/Users/apple/Desktop/Umee/Signet/ios/Pods/Headers/Public/React-logger\"\ \"/Users/apple/Desktop/Umee/Signet/ios/Pods/Headers/Public/React-perflogger\"\ \"/Users/apple/Desktop/Umee/Signet/ios/Pods/Headers/Public/React-runtimeexecutor\"\ \"/Users/apple/Desktop/Umee/Signet/ios/Pods/Headers/Public/ReactCommon\"\ \"/Users/apple/Desktop/Umee/Signet/ios/Pods/Headers/Public/SocketRocket\"\ \"/Users/apple/Desktop/Umee/Signet/ios/Pods/Headers/Public/Yoga\"\ \"/Users/apple/Desktop/Umee/Signet/ios/Pods/Headers/Public/YogaKit\"\ \"/Users/apple/Desktop/Umee/Signet/ios/Pods/Headers/Public/fmt\"\ \"/Users/apple/Desktop/Umee/Signet/ios/Pods/Headers/Public/glog\"\ \"/Users/apple/Desktop/Umee/Signet/ios/Pods/Headers/Public/libevent\"\ \"/Users/apple/Desktop/Umee/Signet/ios/Pods/Headers/Public/react-native-safe-area-context\"\ \"/Users/apple/Desktop/Umee/Signet/ios/Pods/DoubleConversion\"\ \"/Users/apple/Desktop/Umee/Signet/ios/Pods/boost\"\ \"/Users/apple/Desktop/Umee/Signet/ios/Pods/Headers/Private/React-Core\"\ \"/include/\"
    export HIDE_BITCODE_SYMBOLS\=YES
    export HOME\=/Users/apple
    export ICONV\=/usr/bin/iconv
    export INFOPLIST_EXPAND_BUILD_SETTINGS\=YES
    export INFOPLIST_FILE\=Signet/Info.plist
    export INFOPLIST_OUTPUT_FORMAT\=binary
    export INFOPLIST_PATH\=Signet.app/Info.plist
    export INFOPLIST_PREPROCESS\=NO
    export INFOSTRINGS_PATH\=Signet.app/en.lproj/InfoPlist.strings
    export INLINE_PRIVATE_FRAMEWORKS\=NO
    export INSTALLHDRS_COPY_PHASE\=NO
    export INSTALLHDRS_SCRIPT_PHASE\=NO
    export INSTALL_DIR\=/tmp/Signet.dst/Applications
    export INSTALL_GROUP\=staff
    export INSTALL_MODE_FLAG\=u+w,go-w,a+rX
    export INSTALL_OWNER\=apple
    export INSTALL_PATH\=/Applications
    export INSTALL_ROOT\=/tmp/Signet.dst
    export IPHONEOS_DEPLOYMENT_TARGET\=11.0
    export JAVAC_DEFAULT_FLAGS\=-J-Xms64m\ -J-XX:NewSize\=4M\ -J-Dfile.encoding\=UTF8
    export JAVA_APP_STUB\=/System/Library/Frameworks/JavaVM.framework/Resources/MacOS/JavaApplicationStub
    export JAVA_ARCHIVE_CLASSES\=YES
    export JAVA_ARCHIVE_TYPE\=JAR
    export JAVA_COMPILER\=/usr/bin/javac
    export JAVA_FOLDER_PATH\=Signet.app/Java
    export JAVA_FRAMEWORK_RESOURCES_DIRS\=Resources
    export JAVA_JAR_FLAGS\=cv
    export JAVA_SOURCE_SUBDIR\=.
    export JAVA_USE_DEPENDENCIES\=YES
    export JAVA_ZIP_FLAGS\=-urg
    export JIKES_DEFAULT_FLAGS\=+E\ +OLDCSO
    export KEEP_PRIVATE_EXTERNS\=NO
    export LD_DEPENDENCY_INFO_FILE\=/Users/apple/Library/Developer/Xcode/DerivedData/Signet-dfscuohdbulpozgkivkkztfuyrqz/Build/Intermediates.noindex/Signet.build/Debug-iphonesimulator/Signet.build/Objects-normal/undefined_arch/Signet_dependency_info.dat
    export LD_ENTITLEMENTS_SECTION\=/Users/apple/Library/Developer/Xcode/DerivedData/Signet-dfscuohdbulpozgkivkkztfuyrqz/Build/Intermediates.noindex/Signet.build/Debug-iphonesimulator/Signet.build/Signet.app-Simulated.xcent
    export LD_GENERATE_MAP_FILE\=NO
    export LD_MAP_FILE_PATH\=/Users/apple/Library/Developer/Xcode/DerivedData/Signet-dfscuohdbulpozgkivkkztfuyrqz/Build/Intermediates.noindex/Signet.build/Debug-iphonesimulator/Signet.build/Signet-LinkMap-normal-undefined_arch.txt
    export LD_NO_PIE\=NO
    export LD_QUOTE_LINKER_ARGUMENTS_FOR_COMPILER_DRIVER\=YES
    export LD_RUNPATH_SEARCH_PATHS\=/usr/lib/swift\ \ /usr/lib/swift\ \'@executable_path/Frameworks\'\ \'@loader_path/Frameworks\'\ @executable_path/Frameworks
    export LEGACY_DEVELOPER_DIR\=/Users/apple/Downloads/Xcode.app/Contents/PlugIns/Xcode3Core.ideplugin/Contents/SharedSupport/Developer
    export LEX\=lex
    export LIBRARY_DEXT_INSTALL_PATH\=/Library/DriverExtensions
    export LIBRARY_FLAG_NOSPACE\=YES
    export LIBRARY_FLAG_PREFIX\=-l
    export LIBRARY_KEXT_INSTALL_PATH\=/Library/Extensions
    export LIBRARY_SEARCH_PATHS\=/Users/apple/Library/Developer/Xcode/DerivedData/Signet-dfscuohdbulpozgkivkkztfuyrqz/Build/Products/Debug-iphonesimulator\ /Users/apple/Downloads/Xcode.app/Contents/Developer/Platforms/iPhoneSimulator.platform/Developer/SDKs/iPhoneSimulator15.5.sdk/usr/lib/swift\ /Users/apple/Downloads/Xcode.app/Contents/Developer/Toolchains/XcodeDefault.xctoolchain/usr/lib/swift/iphonesimulator\ /Users/apple/Downloads/Xcode.app/Contents/Developer/Toolchains/XcodeDefault.xctoolchain/usr/lib/swift/iphonesimulator\ /Users/apple/Library/Developer/Xcode/DerivedData/Signet-dfscuohdbulpozgkivkkztfuyrqz/Build/Products/Debug-iphonesimulator/BVLinearGradient\ /Users/apple/Library/Developer/Xcode/DerivedData/Signet-dfscuohdbulpozgkivkkztfuyrqz/Build/Products/Debug-iphonesimulator/CocoaAsyncSocket\ /Users/apple/Library/Developer/Xcode/DerivedData/Signet-dfscuohdbulpozgkivkkztfuyrqz/Build/Products/Debug-iphonesimulator/DoubleConversion\ /Users/apple/Library/Developer/Xcode/DerivedData/Signet-dfscuohdbulpozgkivkkztfuyrqz/Build/Products/Debug-iphonesimulator/Flipper\ /Users/apple/Library/Developer/Xcode/DerivedData/Signet-dfscuohdbulpozgkivkkztfuyrqz/Build/Products/Debug-iphonesimulator/Flipper-Boost-iOSX\ /Users/apple/Library/Developer/Xcode/DerivedData/Signet-dfscuohdbulpozgkivkkztfuyrqz/Build/Products/Debug-iphonesimulator/Flipper-Fmt\ /Users/apple/Library/Developer/Xcode/DerivedData/Signet-dfscuohdbulpozgkivkkztfuyrqz/Build/Products/Debug-iphonesimulator/Flipper-Folly\ /Users/apple/Library/Developer/Xcode/DerivedData/Signet-dfscuohdbulpozgkivkkztfuyrqz/Build/Products/Debug-iphonesimulator/Flipper-PeerTalk\ /Users/apple/Library/Developer/Xcode/DerivedData/Signet-dfscuohdbulpozgkivkkztfuyrqz/Build/Products/Debug-iphonesimulator/Flipper-RSocket\ /Users/apple/Library/Developer/Xcode/DerivedData/Signet-dfscuohdbulpozgkivkkztfuyrqz/Build/Products/Debug-iphonesimulator/FlipperKit\ /Users/apple/Library/Developer/Xcode/DerivedData/Signet-dfscuohdbulpozgkivkkztfuyrqz/Build/Products/Debug-iphonesimulator/RCT-Folly\ /Users/apple/Library/Developer/Xcode/DerivedData/Signet-dfscuohdbulpozgkivkkztfuyrqz/Build/Products/Debug-iphonesimulator/RCTTypeSafety\ /Users/apple/Library/Developer/Xcode/DerivedData/Signet-dfscuohdbulpozgkivkkztfuyrqz/Build/Products/Debug-iphonesimulator/RNGestureHandler\ /Users/apple/Library/Developer/Xcode/DerivedData/Signet-dfscuohdbulpozgkivkkztfuyrqz/Build/Products/Debug-iphonesimulator/RNSVG\ /Users/apple/Library/Developer/Xcode/DerivedData/Signet-dfscuohdbulpozgkivkkztfuyrqz/Build/Products/Debug-iphonesimulator/RNScreens\ /Users/apple/Library/Developer/Xcode/DerivedData/Signet-dfscuohdbulpozgkivkkztfuyrqz/Build/Products/Debug-iphonesimulator/RNVectorIcons\ /Users/apple/Library/Developer/Xcode/DerivedData/Signet-dfscuohdbulpozgkivkkztfuyrqz/Build/Products/Debug-iphonesimulator/React-Codegen\ /Users/apple/Library/Developer/Xcode/DerivedData/Signet-dfscuohdbulpozgkivkkztfuyrqz/Build/Products/Debug-iphonesimulator/React-Core\ /Users/apple/Library/Developer/Xcode/DerivedData/Signet-dfscuohdbulpozgkivkkztfuyrqz/Build/Products/Debug-iphonesimulator/React-CoreModules\ /Users/apple/Library/Developer/Xcode/DerivedData/Signet-dfscuohdbulpozgkivkkztfuyrqz/Build/Products/Debug-iphonesimulator/React-RCTAnimation\ /Users/apple/Library/Developer/Xcode/DerivedData/Signet-dfscuohdbulpozgkivkkztfuyrqz/Build/Products/Debug-iphonesimulator/React-RCTBlob\ /Users/apple/Library/Developer/Xcode/DerivedData/Signet-dfscuohdbulpozgkivkkztfuyrqz/Build/Products/Debug-iphonesimulator/React-RCTImage\ /Users/apple/Library/Developer/Xcode/DerivedData/Signet-dfscuohdbulpozgkivkkztfuyrqz/Build/Products/Debug-iphonesimulator/React-RCTLinking\ /Users/apple/Library/Developer/Xcode/DerivedData/Signet-dfscuohdbulpozgkivkkztfuyrqz/Build/Products/Debug-iphonesimulator/React-RCTNetwork\ /Users/apple/Library/Developer/Xcode/DerivedData/Signet-dfscuohdbulpozgkivkkztfuyrqz/Build/Products/Debug-iphonesimulator/React-RCTSettings\ /Users/apple/Library/Developer/Xcode/DerivedData/Signet-dfscuohdbulpozgkivkkztfuyrqz/Build/Products/Debug-iphonesimulator/React-RCTText\ /Users/apple/Library/Developer/Xcode/DerivedData/Signet-dfscuohdbulpozgkivkkztfuyrqz/Build/Products/Debug-iphonesimulator/React-RCTVibration\ /Users/apple/Library/Developer/Xcode/DerivedData/Signet-dfscuohdbulpozgkivkkztfuyrqz/Build/Products/Debug-iphonesimulator/React-cxxreact\ /Users/apple/Library/Developer/Xcode/DerivedData/Signet-dfscuohdbulpozgkivkkztfuyrqz/Build/Products/Debug-iphonesimulator/React-jsi\ /Users/apple/Library/Developer/Xcode/DerivedData/Signet-dfscuohdbulpozgkivkkztfuyrqz/Build/Products/Debug-iphonesimulator/React-jsiexecutor\ /Users/apple/Library/Developer/Xcode/DerivedData/Signet-dfscuohdbulpozgkivkkztfuyrqz/Build/Products/Debug-iphonesimulator/React-jsinspector\ /Users/apple/Library/Developer/Xcode/DerivedData/Signet-dfscuohdbulpozgkivkkztfuyrqz/Build/Products/Debug-iphonesimulator/React-logger\ /Users/apple/Library/Developer/Xcode/DerivedData/Signet-dfscuohdbulpozgkivkkztfuyrqz/Build/Products/Debug-iphonesimulator/React-perflogger\ /Users/apple/Library/Developer/Xcode/DerivedData/Signet-dfscuohdbulpozgkivkkztfuyrqz/Build/Products/Debug-iphonesimulator/ReactCommon\ /Users/apple/Library/Developer/Xcode/DerivedData/Signet-dfscuohdbulpozgkivkkztfuyrqz/Build/Products/Debug-iphonesimulator/SocketRocket\ /Users/apple/Library/Developer/Xcode/DerivedData/Signet-dfscuohdbulpozgkivkkztfuyrqz/Build/Products/Debug-iphonesimulator/Yoga\ /Users/apple/Library/Developer/Xcode/DerivedData/Signet-dfscuohdbulpozgkivkkztfuyrqz/Build/Products/Debug-iphonesimulator/YogaKit\ /Users/apple/Library/Developer/Xcode/DerivedData/Signet-dfscuohdbulpozgkivkkztfuyrqz/Build/Products/Debug-iphonesimulator/fmt\ /Users/apple/Library/Developer/Xcode/DerivedData/Signet-dfscuohdbulpozgkivkkztfuyrqz/Build/Products/Debug-iphonesimulator/glog\ /Users/apple/Library/Developer/Xcode/DerivedData/Signet-dfscuohdbulpozgkivkkztfuyrqz/Build/Products/Debug-iphonesimulator/libevent\ /Users/apple/Library/Developer/Xcode/DerivedData/Signet-dfscuohdbulpozgkivkkztfuyrqz/Build/Products/Debug-iphonesimulator/react-native-safe-area-context\ /Users/apple/Downloads/Xcode.app/Contents/Developer/Platforms/iPhoneSimulator.platform/Developer/SDKs/iPhoneSimulator15.5.sdk/usr/lib/swift
    export LINKER_DISPLAYS_MANGLED_NAMES\=NO
    export LINK_FILE_LIST_normal_x86_64\=/Users/apple/Library/Developer/Xcode/DerivedData/Signet-dfscuohdbulpozgkivkkztfuyrqz/Build/Intermediates.noindex/Signet.build/Debug-iphonesimulator/Signet.build/Objects-normal/x86_64/Signet.LinkFileList
    export LINK_WITH_STANDARD_LIBRARIES\=YES
    export LLVM_TARGET_TRIPLE_OS_VERSION\=ios11.0
    export LLVM_TARGET_TRIPLE_SUFFIX\=-simulator
    export LLVM_TARGET_TRIPLE_VENDOR\=apple
    export LOCALIZATION_EXPORT_SUPPORTED\=YES
    export LOCALIZED_RESOURCES_FOLDER_PATH\=Signet.app/en.lproj
    export LOCALIZED_STRING_MACRO_NAMES\=NSLocalizedString\ CFCopyLocalizedString
    export LOCALIZED_STRING_SWIFTUI_SUPPORT\=YES
    export LOCAL_ADMIN_APPS_DIR\=/Applications/Utilities
    export LOCAL_APPS_DIR\=/Applications
    export LOCAL_DEVELOPER_DIR\=/Library/Developer
    export LOCAL_LIBRARY_DIR\=/Library
    export LOCROOT\=/Users/apple/Desktop/Umee/Signet/ios
    export LOCSYMROOT\=/Users/apple/Desktop/Umee/Signet/ios
    export MACH_O_TYPE\=mh_execute
    export MAC_OS_X_PRODUCT_BUILD_VERSION\=21G320
    export MAC_OS_X_VERSION_ACTUAL\=120602
    export MAC_OS_X_VERSION_MAJOR\=120000
    export MAC_OS_X_VERSION_MINOR\=120600
    export METAL_LIBRARY_FILE_BASE\=default
    export METAL_LIBRARY_OUTPUT_DIR\=/Users/apple/Library/Developer/Xcode/DerivedData/Signet-dfscuohdbulpozgkivkkztfuyrqz/Build/Products/Debug-iphonesimulator/Signet.app
    export MODULES_FOLDER_PATH\=Signet.app/Modules
    export MODULE_CACHE_DIR\=/Users/apple/Library/Developer/Xcode/DerivedData/ModuleCache.noindex
    export MTL_ENABLE_DEBUG_INFO\=YES
    export NATIVE_ARCH\=x86_64
    export NATIVE_ARCH_32_BIT\=i386
    export NATIVE_ARCH_64_BIT\=x86_64
    export NATIVE_ARCH_ACTUAL\=x86_64
    export NO_COMMON\=YES
    export OBJC_ABI_VERSION\=2
    export OBJECT_FILE_DIR\=/Users/apple/Library/Developer/Xcode/DerivedData/Signet-dfscuohdbulpozgkivkkztfuyrqz/Build/Intermediates.noindex/Signet.build/Debug-iphonesimulator/Signet.build/Objects
    export OBJECT_FILE_DIR_normal\=/Users/apple/Library/Developer/Xcode/DerivedData/Signet-dfscuohdbulpozgkivkkztfuyrqz/Build/Intermediates.noindex/Signet.build/Debug-iphonesimulator/Signet.build/Objects-normal
    export OBJROOT\=/Users/apple/Library/Developer/Xcode/DerivedData/Signet-dfscuohdbulpozgkivkkztfuyrqz/Build/Intermediates.noindex
    export ONLY_ACTIVE_ARCH\=YES
    export OS\=MACOS
    export OSAC\=/usr/bin/osacompile
    export OTHER_CFLAGS\=\ -fmodule-map-file\=\"/Users/apple/Library/Developer/Xcode/DerivedData/Signet-dfscuohdbulpozgkivkkztfuyrqz/Build/Products/Debug-iphonesimulator/YogaKit/YogaKit.modulemap\"\ -fmodule-map-file\=\"/Users/apple/Desktop/Umee/Signet/ios/Pods/Headers/Public/FlipperKit/FlipperKit.modulemap\"\ -fmodule-map-file\=\"/Users/apple/Desktop/Umee/Signet/ios/Pods/Headers/Public/React/React-Core.modulemap\"\ -fmodule-map-file\=\"/Users/apple/Desktop/Umee/Signet/ios/Pods/Headers/Public/yoga/Yoga.modulemap\"
    export OTHER_CPLUSPLUSFLAGS\=\ -fmodule-map-file\=\"/Users/apple/Library/Developer/Xcode/DerivedData/Signet-dfscuohdbulpozgkivkkztfuyrqz/Build/Products/Debug-iphonesimulator/YogaKit/YogaKit.modulemap\"\ -fmodule-map-file\=\"/Users/apple/Desktop/Umee/Signet/ios/Pods/Headers/Public/FlipperKit/FlipperKit.modulemap\"\ -fmodule-map-file\=\"/Users/apple/Desktop/Umee/Signet/ios/Pods/Headers/Public/React/React-Core.modulemap\"\ -fmodule-map-file\=\"/Users/apple/Desktop/Umee/Signet/ios/Pods/Headers/Public/yoga/Yoga.modulemap\"\ -DFOLLY_NO_CONFIG\ -DFOLLY_MOBILE\=1\ -DFOLLY_USE_LIBCPP\=1
    export OTHER_LDFLAGS\=\ -ObjC\ -l\"BVLinearGradient\"\ -l\"CocoaAsyncSocket\"\ -l\"DoubleConversion\"\ -l\"Flipper\"\ -l\"Flipper-Boost-iOSX\"\ -l\"Flipper-Fmt\"\ -l\"Flipper-Folly\"\ -l\"Flipper-PeerTalk\"\ -l\"Flipper-RSocket\"\ -l\"FlipperKit\"\ -l\"RCT-Folly\"\ -l\"RCTTypeSafety\"\ -l\"RNGestureHandler\"\ -l\"RNSVG\"\ -l\"RNScreens\"\ -l\"RNVectorIcons\"\ -l\"React-Codegen\"\ -l\"React-Core\"\ -l\"React-CoreModules\"\ -l\"React-RCTAnimation\"\ -l\"React-RCTBlob\"\ -l\"React-RCTImage\"\ -l\"React-RCTLinking\"\ -l\"React-RCTNetwork\"\ -l\"React-RCTSettings\"\ -l\"React-RCTText\"\ -l\"React-RCTVibration\"\ -l\"React-cxxreact\"\ -l\"React-jsi\"\ -l\"React-jsiexecutor\"\ -l\"React-jsinspector\"\ -l\"React-logger\"\ -l\"React-perflogger\"\ -l\"ReactCommon\"\ -l\"SocketRocket\"\ -l\"Yoga\"\ -l\"YogaKit\"\ -l\"c++\"\ -l\"c++abi\"\ -l\"fmt\"\ -l\"glog\"\ -l\"icucore\"\ -l\"libevent\"\ -l\"react-native-safe-area-context\"\ -l\"stdc++\"\ -framework\ \"AudioToolbox\"\ -framework\ \"CFNetwork\"\ -framework\ \"Foundation\"\ -framework\ \"JavaScriptCore\"\ -framework\ \"MobileCoreServices\"\ -framework\ \"OpenSSL\"\ -framework\ \"QuartzCore\"\ -framework\ \"Security\"\ -framework\ \"UIKit\"\ -framework\ \"double-conversion\"\ -framework\ \"glog\"\ -ObjC\ -lc++
    export OTHER_SWIFT_FLAGS\=\ -D\ COCOAPODS\ -Xcc\ -fmodule-map-file\=\"/Users/apple/Library/Developer/Xcode/DerivedData/Signet-dfscuohdbulpozgkivkkztfuyrqz/Build/Products/Debug-iphonesimulator/YogaKit/YogaKit.modulemap\"\ -Xcc\ -fmodule-map-file\=\"/Users/apple/Desktop/Umee/Signet/ios/Pods/Headers/Public/FlipperKit/FlipperKit.modulemap\"\ -Xcc\ -fmodule-map-file\=\"/Users/apple/Desktop/Umee/Signet/ios/Pods/Headers/Public/React/React-Core.modulemap\"\ -Xcc\ -fmodule-map-file\=\"/Users/apple/Desktop/Umee/Signet/ios/Pods/Headers/Public/yoga/Yoga.modulemap\"\ -Xcc\ -DFB_SONARKIT_ENABLED\=1
    export PACKAGE_TYPE\=com.apple.package-type.wrapper.application
    export PASCAL_STRINGS\=YES
    export PATH\=/Users/apple/Downloads/Xcode.app/Contents/Developer/Toolchains/XcodeDefault.xctoolchain/usr/bin:/Users/apple/Downloads/Xcode.app/Contents/Developer/Toolchains/XcodeDefault.xctoolchain/usr/local/bin:/Users/apple/Downloads/Xcode.app/Contents/Developer/Toolchains/XcodeDefault.xctoolchain/usr/libexec:/Users/apple/Downloads/Xcode.app/Contents/Developer/Platforms/iPhoneSimulator.platform/usr/bin:/Users/apple/Downloads/Xcode.app/Contents/Developer/Platforms/iPhoneSimulator.platform/usr/local/bin:/Users/apple/Downloads/Xcode.app/Contents/Developer/Platforms/iPhoneSimulator.platform/Developer/usr/bin:/Users/apple/Downloads/Xcode.app/Contents/Developer/Platforms/iPhoneSimulator.platform/Developer/usr/local/bin:/Users/apple/Downloads/Xcode.app/Contents/Developer/usr/bin:/Users/apple/Downloads/Xcode.app/Contents/Developer/usr/local/bin:/usr/local/bin:/usr/bin:/bin:/usr/sbin:/sbin:/Library/Apple/usr/bin:/Users/apple/Library/Android/sdk/emulator:/Users/apple/Library/Android/sdk/tools:/Users/apple/Library/Android/sdk/tools/bin:/Users/apple/Library/Android/sdk/platform-tools
    export PATH_PREFIXES_EXCLUDED_FROM_HEADER_DEPENDENCIES\=/usr/include\ /usr/local/include\ /System/Library/Frameworks\ /System/Library/PrivateFrameworks\ /Users/apple/Downloads/Xcode.app/Contents/Developer/Headers\ /Users/apple/Downloads/Xcode.app/Contents/Developer/SDKs\ /Users/apple/Downloads/Xcode.app/Contents/Developer/Platforms
    export PBDEVELOPMENTPLIST_PATH\=Signet.app/pbdevelopment.plist
    export PER_ARCH_OBJECT_FILE_DIR\=/Users/apple/Library/Developer/Xcode/DerivedData/Signet-dfscuohdbulpozgkivkkztfuyrqz/Build/Intermediates.noindex/Signet.build/Debug-iphonesimulator/Signet.build/Objects-normal/undefined_arch
    export PER_VARIANT_OBJECT_FILE_DIR\=/Users/apple/Library/Developer/Xcode/DerivedData/Signet-dfscuohdbulpozgkivkkztfuyrqz/Build/Intermediates.noindex/Signet.build/Debug-iphonesimulator/Signet.build/Objects-normal
    export PKGINFO_FILE_PATH\=/Users/apple/Library/Developer/Xcode/DerivedData/Signet-dfscuohdbulpozgkivkkztfuyrqz/Build/Intermediates.noindex/Signet.build/Debug-iphonesimulator/Signet.build/PkgInfo
    export PKGINFO_PATH\=Signet.app/PkgInfo
    export PLATFORM_DEVELOPER_APPLICATIONS_DIR\=/Users/apple/Downloads/Xcode.app/Contents/Developer/Platforms/iPhoneSimulator.platform/Developer/Applications
    export PLATFORM_DEVELOPER_BIN_DIR\=/Users/apple/Downloads/Xcode.app/Contents/Developer/Platforms/iPhoneSimulator.platform/Developer/usr/bin
    export PLATFORM_DEVELOPER_LIBRARY_DIR\=/Users/apple/Downloads/Xcode.app/Contents/Developer/Platforms/iPhoneSimulator.platform/Developer/Library
    export PLATFORM_DEVELOPER_SDK_DIR\=/Users/apple/Downloads/Xcode.app/Contents/Developer/Platforms/iPhoneSimulator.platform/Developer/SDKs
    export PLATFORM_DEVELOPER_TOOLS_DIR\=/Users/apple/Downloads/Xcode.app/Contents/Developer/Platforms/iPhoneSimulator.platform/Developer/Tools
    export PLATFORM_DEVELOPER_USR_DIR\=/Users/apple/Downloads/Xcode.app/Contents/Developer/Platforms/iPhoneSimulator.platform/Developer/usr
    export PLATFORM_DIR\=/Users/apple/Downloads/Xcode.app/Contents/Developer/Platforms/iPhoneSimulator.platform
    export PLATFORM_DISPLAY_NAME\=iOS\ Simulator
    export PLATFORM_FAMILY_NAME\=iOS
    export PLATFORM_NAME\=iphonesimulator
    export PLATFORM_PREFERRED_ARCH\=x86_64
    export PLATFORM_PRODUCT_BUILD_VERSION\=19F64
    export PLIST_FILE_OUTPUT_FORMAT\=binary
    export PLUGINS_FOLDER_PATH\=Signet.app/PlugIns
    export PODS_BUILD_DIR\=/Users/apple/Library/Developer/Xcode/DerivedData/Signet-dfscuohdbulpozgkivkkztfuyrqz/Build/Products
    export PODS_CONFIGURATION_BUILD_DIR\=/Users/apple/Library/Developer/Xcode/DerivedData/Signet-dfscuohdbulpozgkivkkztfuyrqz/Build/Products/Debug-iphonesimulator
    export PODS_PODFILE_DIR_PATH\=/Users/apple/Desktop/Umee/Signet/ios/.
    export PODS_ROOT\=/Users/apple/Desktop/Umee/Signet/ios/Pods
    export PODS_XCFRAMEWORKS_BUILD_DIR\=/Users/apple/Library/Developer/Xcode/DerivedData/Signet-dfscuohdbulpozgkivkkztfuyrqz/Build/Products/Debug-iphonesimulator/XCFrameworkIntermediates
    export PRECOMPS_INCLUDE_HEADERS_FROM_BUILT_PRODUCTS_DIR\=YES
    export PRECOMP_DESTINATION_DIR\=/Users/apple/Library/Developer/Xcode/DerivedData/Signet-dfscuohdbulpozgkivkkztfuyrqz/Build/Intermediates.noindex/Signet.build/Debug-iphonesimulator/Signet.build/PrefixHeaders
    export PRESERVE_DEAD_CODE_INITS_AND_TERMS\=NO
    export PRIVATE_HEADERS_FOLDER_PATH\=Signet.app/PrivateHeaders
    export PRODUCT_BUNDLE_IDENTIFIER\=org.reactjs.native.example.Signet
    export PRODUCT_BUNDLE_PACKAGE_TYPE\=APPL
    export PRODUCT_MODULE_NAME\=Signet
    export PRODUCT_NAME\=Signet
    export PRODUCT_SETTINGS_PATH\=/Users/apple/Desktop/Umee/Signet/ios/Signet/Info.plist
    export PRODUCT_TYPE\=com.apple.product-type.application
    export PROFILING_CODE\=NO
    export PROJECT\=Signet
    export PROJECT_DERIVED_FILE_DIR\=/Users/apple/Library/Developer/Xcode/DerivedData/Signet-dfscuohdbulpozgkivkkztfuyrqz/Build/Intermediates.noindex/Signet.build/DerivedSources
    export PROJECT_DIR\=/Users/apple/Desktop/Umee/Signet/ios
    export PROJECT_FILE_PATH\=/Users/apple/Desktop/Umee/Signet/ios/Signet.xcodeproj
    export PROJECT_NAME\=Signet
    export PROJECT_TEMP_DIR\=/Users/apple/Library/Developer/Xcode/DerivedData/Signet-dfscuohdbulpozgkivkkztfuyrqz/Build/Intermediates.noindex/Signet.build
    export PROJECT_TEMP_ROOT\=/Users/apple/Library/Developer/Xcode/DerivedData/Signet-dfscuohdbulpozgkivkkztfuyrqz/Build/Intermediates.noindex
    export PUBLIC_HEADERS_FOLDER_PATH\=Signet.app/Headers
    export RECURSIVE_SEARCH_PATHS_FOLLOW_SYMLINKS\=YES
    export REMOVE_CVS_FROM_RESOURCES\=YES
    export REMOVE_GIT_FROM_RESOURCES\=YES
    export REMOVE_HEADERS_FROM_EMBEDDED_BUNDLES\=YES
    export REMOVE_HG_FROM_RESOURCES\=YES
    export REMOVE_SVN_FROM_RESOURCES\=YES
    export REZ_COLLECTOR_DIR\=/Users/apple/Library/Developer/Xcode/DerivedData/Signet-dfscuohdbulpozgkivkkztfuyrqz/Build/Intermediates.noindex/Signet.build/Debug-iphonesimulator/Signet.build/ResourceManagerResources
    export REZ_OBJECTS_DIR\=/Users/apple/Library/Developer/Xcode/DerivedData/Signet-dfscuohdbulpozgkivkkztfuyrqz/Build/Intermediates.noindex/Signet.build/Debug-iphonesimulator/Signet.build/ResourceManagerResources/Objects
    export REZ_SEARCH_PATHS\=/Users/apple/Library/Developer/Xcode/DerivedData/Signet-dfscuohdbulpozgkivkkztfuyrqz/Build/Products/Debug-iphonesimulator\ 
    export SCAN_ALL_SOURCE_FILES_FOR_INCLUDES\=NO
    export SCRIPTS_FOLDER_PATH\=Signet.app/Scripts
    export SCRIPT_INPUT_FILE_COUNT\=0
    export SCRIPT_INPUT_FILE_LIST_COUNT\=0
    export SCRIPT_OUTPUT_FILE_COUNT\=0
    export SCRIPT_OUTPUT_FILE_LIST_COUNT\=0
    export SDKROOT\=/Users/apple/Downloads/Xcode.app/Contents/Developer/Platforms/iPhoneSimulator.platform/Developer/SDKs/iPhoneSimulator15.5.sdk
    export SDK_DIR\=/Users/apple/Downloads/Xcode.app/Contents/Developer/Platforms/iPhoneSimulator.platform/Developer/SDKs/iPhoneSimulator15.5.sdk
    export SDK_DIR_iphonesimulator\=/Users/apple/Downloads/Xcode.app/Contents/Developer/Platforms/iPhoneSimulator.platform/Developer/SDKs/iPhoneSimulator15.5.sdk
    export SDK_DIR_iphonesimulator15_5\=/Users/apple/Downloads/Xcode.app/Contents/Developer/Platforms/iPhoneSimulator.platform/Developer/SDKs/iPhoneSimulator15.5.sdk
    export SDK_NAME\=iphonesimulator15.5
    export SDK_NAMES\=iphonesimulator15.5
    export SDK_PRODUCT_BUILD_VERSION\=19F64
    export SDK_VERSION\=15.5
    export SDK_VERSION_ACTUAL\=150500
    export SDK_VERSION_MAJOR\=150000
    export SDK_VERSION_MINOR\=150500
    export SED\=/usr/bin/sed
    export SEPARATE_STRIP\=NO
    export SEPARATE_SYMBOL_EDIT\=NO
    export SET_DIR_MODE_OWNER_GROUP\=YES
    export SET_FILE_MODE_OWNER_GROUP\=NO
    export SHALLOW_BUNDLE\=YES
    export SHALLOW_BUNDLE_TRIPLE\=ios-simulator
    export SHALLOW_BUNDLE_ios_macabi\=NO
    export SHALLOW_BUNDLE_macos\=NO
    export SHARED_DERIVED_FILE_DIR\=/Users/apple/Library/Developer/Xcode/DerivedData/Signet-dfscuohdbulpozgkivkkztfuyrqz/Build/Products/Debug-iphonesimulator/DerivedSources
    export SHARED_FRAMEWORKS_FOLDER_PATH\=Signet.app/SharedFrameworks
    export SHARED_PRECOMPS_DIR\=/Users/apple/Library/Developer/Xcode/DerivedData/Signet-dfscuohdbulpozgkivkkztfuyrqz/Build/Intermediates.noindex/PrecompiledHeaders
    export SHARED_SUPPORT_FOLDER_PATH\=Signet.app/SharedSupport
    export SKIP_INSTALL\=NO
    export SOURCE_ROOT\=/Users/apple/Desktop/Umee/Signet/ios
    export SRCROOT\=/Users/apple/Desktop/Umee/Signet/ios
    export STRINGSDATA_DIR\=/Users/apple/Library/Developer/Xcode/DerivedData/Signet-dfscuohdbulpozgkivkkztfuyrqz/Build/Intermediates.noindex/Signet.build/Debug-iphonesimulator/Signet.build/Objects-normal/undefined_arch
    export STRINGSDATA_ROOT\=/Users/apple/Library/Developer/Xcode/DerivedData/Signet-dfscuohdbulpozgkivkkztfuyrqz/Build/Intermediates.noindex/Signet.build/Debug-iphonesimulator/Signet.build
    export STRINGS_FILE_INFOPLIST_RENAME\=YES
    export STRINGS_FILE_OUTPUT_ENCODING\=binary
    export STRIP_BITCODE_FROM_COPIED_FILES\=NO
    export STRIP_INSTALLED_PRODUCT\=NO
    export STRIP_STYLE\=all
    export STRIP_SWIFT_SYMBOLS\=YES
    export SUPPORTED_DEVICE_FAMILIES\=1,2
    export SUPPORTED_PLATFORMS\=iphoneos\ iphonesimulator
    export SUPPORTS_TEXT_BASED_API\=NO
    export SWIFT_EMIT_LOC_STRINGS\=NO
    export SWIFT_INCLUDE_PATHS\=/Users/apple/Library/Developer/Xcode/DerivedData/Signet-dfscuohdbulpozgkivkkztfuyrqz/Build/Products/Debug-iphonesimulator\ \ \"/Users/apple/Library/Developer/Xcode/DerivedData/Signet-dfscuohdbulpozgkivkkztfuyrqz/Build/Products/Debug-iphonesimulator/YogaKit\"
    export SWIFT_OPTIMIZATION_LEVEL\=-Onone
    export SWIFT_PLATFORM_TARGET_PREFIX\=ios
    export SWIFT_RESPONSE_FILE_PATH_normal_x86_64\=/Users/apple/Library/Developer/Xcode/DerivedData/Signet-dfscuohdbulpozgkivkkztfuyrqz/Build/Intermediates.noindex/Signet.build/Debug-iphonesimulator/Signet.build/Objects-normal/x86_64/Signet.SwiftFileList
    export SWIFT_VERSION\=5.0
    export SYMROOT\=/Users/apple/Library/Developer/Xcode/DerivedData/Signet-dfscuohdbulpozgkivkkztfuyrqz/Build/Products
    export SYSTEM_ADMIN_APPS_DIR\=/Applications/Utilities
    export SYSTEM_APPS_DIR\=/Applications
    export SYSTEM_CORE_SERVICES_DIR\=/System/Library/CoreServices
    export SYSTEM_DEMOS_DIR\=/Applications/Extras
    export SYSTEM_DEVELOPER_APPS_DIR\=/Users/apple/Downloads/Xcode.app/Contents/Developer/Applications
    export SYSTEM_DEVELOPER_BIN_DIR\=/Users/apple/Downloads/Xcode.app/Contents/Developer/usr/bin
    export SYSTEM_DEVELOPER_DEMOS_DIR\=/Users/apple/Downloads/Xcode.app/Contents/Developer/Applications/Utilities/Built\ Examples
    export SYSTEM_DEVELOPER_DIR\=/Users/apple/Downloads/Xcode.app/Contents/Developer
    export SYSTEM_DEVELOPER_DOC_DIR\=/Users/apple/Downloads/Xcode.app/Contents/Developer/ADC\ Reference\ Library
    export SYSTEM_DEVELOPER_GRAPHICS_TOOLS_DIR\=/Users/apple/Downloads/Xcode.app/Contents/Developer/Applications/Graphics\ Tools
    export SYSTEM_DEVELOPER_JAVA_TOOLS_DIR\=/Users/apple/Downloads/Xcode.app/Contents/Developer/Applications/Java\ Tools
    export SYSTEM_DEVELOPER_PERFORMANCE_TOOLS_DIR\=/Users/apple/Downloads/Xcode.app/Contents/Developer/Applications/Performance\ Tools
    export SYSTEM_DEVELOPER_RELEASENOTES_DIR\=/Users/apple/Downloads/Xcode.app/Contents/Developer/ADC\ Reference\ Library/releasenotes
    export SYSTEM_DEVELOPER_TOOLS\=/Users/apple/Downloads/Xcode.app/Contents/Developer/Tools
    export SYSTEM_DEVELOPER_TOOLS_DOC_DIR\=/Users/apple/Downloads/Xcode.app/Contents/Developer/ADC\ Reference\ Library/documentation/DeveloperTools
    export SYSTEM_DEVELOPER_TOOLS_RELEASENOTES_DIR\=/Users/apple/Downloads/Xcode.app/Contents/Developer/ADC\ Reference\ Library/releasenotes/DeveloperTools
    export SYSTEM_DEVELOPER_USR_DIR\=/Users/apple/Downloads/Xcode.app/Contents/Developer/usr
    export SYSTEM_DEVELOPER_UTILITIES_DIR\=/Users/apple/Downloads/Xcode.app/Contents/Developer/Applications/Utilities
    export SYSTEM_DEXT_INSTALL_PATH\=/System/Library/DriverExtensions
    export SYSTEM_DOCUMENTATION_DIR\=/Library/Documentation
    export SYSTEM_EXTENSIONS_FOLDER_PATH\=Signet.app/SystemExtensions
    export SYSTEM_EXTENSIONS_FOLDER_PATH_SHALLOW_BUNDLE_NO\=Signet.app/Library/SystemExtensions
    export SYSTEM_EXTENSIONS_FOLDER_PATH_SHALLOW_BUNDLE_YES\=Signet.app/SystemExtensions
    export SYSTEM_KEXT_INSTALL_PATH\=/System/Library/Extensions
    export SYSTEM_LIBRARY_DIR\=/System/Library
    export TAPI_ENABLE_PROJECT_HEADERS\=NO
    export TAPI_VERIFY_MODE\=ErrorsOnly
    export TARGETED_DEVICE_FAMILY\=1
    export TARGETNAME\=Signet
    export TARGET_BUILD_DIR\=/Users/apple/Library/Developer/Xcode/DerivedData/Signet-dfscuohdbulpozgkivkkztfuyrqz/Build/Products/Debug-iphonesimulator
    export TARGET_DEVICE_IDENTIFIER\=13FF599E-5DDC-466F-87C1-22580F28C251
    export TARGET_DEVICE_MODEL\=iPhone14,5
    export TARGET_DEVICE_OS_VERSION\=15.5
    export TARGET_DEVICE_PLATFORM_NAME\=iphonesimulator
    export TARGET_NAME\=Signet
    export TARGET_TEMP_DIR\=/Users/apple/Library/Developer/Xcode/DerivedData/Signet-dfscuohdbulpozgkivkkztfuyrqz/Build/Intermediates.noindex/Signet.build/Debug-iphonesimulator/Signet.build
    export TEMP_DIR\=/Users/apple/Library/Developer/Xcode/DerivedData/Signet-dfscuohdbulpozgkivkkztfuyrqz/Build/Intermediates.noindex/Signet.build/Debug-iphonesimulator/Signet.build
    export TEMP_FILES_DIR\=/Users/apple/Library/Developer/Xcode/DerivedData/Signet-dfscuohdbulpozgkivkkztfuyrqz/Build/Intermediates.noindex/Signet.build/Debug-iphonesimulator/Signet.build
    export TEMP_FILE_DIR\=/Users/apple/Library/Developer/Xcode/DerivedData/Signet-dfscuohdbulpozgkivkkztfuyrqz/Build/Intermediates.noindex/Signet.build/Debug-iphonesimulator/Signet.build
    export TEMP_ROOT\=/Users/apple/Library/Developer/Xcode/DerivedData/Signet-dfscuohdbulpozgkivkkztfuyrqz/Build/Intermediates.noindex
    export TEST_FRAMEWORK_SEARCH_PATHS\=\ /Users/apple/Downloads/Xcode.app/Contents/Developer/Platforms/iPhoneSimulator.platform/Developer/Library/Frameworks\ /Users/apple/Downloads/Xcode.app/Contents/Developer/Platforms/iPhoneSimulator.platform/Developer/SDKs/iPhoneSimulator15.5.sdk/Developer/Library/Frameworks
    export TEST_LIBRARY_SEARCH_PATHS\=\ /Users/apple/Downloads/Xcode.app/Contents/Developer/Platforms/iPhoneSimulator.platform/Developer/usr/lib
    export TOOLCHAINS\=com.apple.dt.toolchain.XcodeDefault
    export TOOLCHAIN_DIR\=/Users/apple/Downloads/Xcode.app/Contents/Developer/Toolchains/XcodeDefault.xctoolchain
    export TREAT_MISSING_BASELINES_AS_TEST_FAILURES\=NO
    export TeamIdentifierPrefix\=P46C9W84B5.
    export UID\=501
    export UNLOCALIZED_RESOURCES_FOLDER_PATH\=Signet.app
    export UNLOCALIZED_RESOURCES_FOLDER_PATH_SHALLOW_BUNDLE_NO\=Signet.app/Resources
    export UNLOCALIZED_RESOURCES_FOLDER_PATH_SHALLOW_BUNDLE_YES\=Signet.app
    export UNSTRIPPED_PRODUCT\=NO
    export USER\=apple
    export USER_APPS_DIR\=/Users/apple/Applications
    export USER_LIBRARY_DIR\=/Users/apple/Library
    export USE_DYNAMIC_NO_PIC\=YES
    export USE_HEADERMAP\=YES
    export USE_HEADER_SYMLINKS\=NO
    export USE_LLVM_TARGET_TRIPLES\=YES
    export USE_LLVM_TARGET_TRIPLES_FOR_CLANG\=YES
    export USE_LLVM_TARGET_TRIPLES_FOR_LD\=YES
    export USE_LLVM_TARGET_TRIPLES_FOR_TAPI\=YES
    export USE_RECURSIVE_SCRIPT_INPUTS_IN_SCRIPT_PHASES\=YES
    export VALIDATE_DEVELOPMENT_ASSET_PATHS\=YES_ERROR
    export VALIDATE_PRODUCT\=NO
    export VALIDATE_WORKSPACE\=YES_ERROR
    export VALID_ARCHS\=arm64\ arm64e\ i386\ x86_64
    export VERBOSE_PBXCP\=NO
    export VERSIONING_SYSTEM\=apple-generic
    export VERSIONPLIST_PATH\=Signet.app/version.plist
    export VERSION_INFO_BUILDER\=apple
    export VERSION_INFO_FILE\=Signet_vers.c
    export VERSION_INFO_STRING\=\"@\(\#\)PROGRAM:Signet\ \ PROJECT:Signet-1\"
    export WRAPPER_EXTENSION\=app
    export WRAPPER_NAME\=Signet.app
    export WRAPPER_SUFFIX\=.app
    export WRAP_ASSET_PACKS_IN_SEPARATE_DIRECTORIES\=NO
    export XCODE_APP_SUPPORT_DIR\=/Users/apple/Downloads/Xcode.app/Contents/Developer/Library/Xcode
    export XCODE_PRODUCT_BUILD_VERSION\=13F17a
    export XCODE_VERSION_ACTUAL\=1340
    export XCODE_VERSION_MAJOR\=1300
    export XCODE_VERSION_MINOR\=1340
    export XPCSERVICES_FOLDER_PATH\=Signet.app/XPCServices
    export YACC\=yacc
    export _WRAPPER_CONTENTS_DIR_SHALLOW_BUNDLE_NO\=/Contents
    export _WRAPPER_PARENT_PATH_SHALLOW_BUNDLE_NO\=/..
    export _WRAPPER_RESOURCES_DIR_SHALLOW_BUNDLE_NO\=/Resources
    export __CODE_SIGNING_ALLOWED_appletvos\=NO
    export __CODE_SIGNING_ALLOWED_iphoneos\=NO
    export __CODE_SIGNING_ALLOWED_watchos\=NO
    export arch\=undefined_arch
    export variant\=normal
    /bin/sh -c /Users/apple/Library/Developer/Xcode/DerivedData/Signet-dfscuohdbulpozgkivkkztfuyrqz/Build/Intermediates.noindex/Signet.build/Debug-iphonesimulator/Signet.build/Script-00DD1BFF1BD5951E006B06BC.sh
+ DEST=/Users/apple/Library/Developer/Xcode/DerivedData/Signet-dfscuohdbulpozgkivkkztfuyrqz/Build/Products/Debug-iphonesimulator/Signet.app
+ [[ Debug = *Debug* ]]
+ [[ ! iphonesimulator == *simulator ]]
+ [[ -n '' ]]
+ case "$CONFIGURATION" in
+ [[ iphonesimulator == *simulator ]]
+ [[ -n '' ]]
+ echo 'Skipping bundling in Debug for the Simulator (since the packager bundles for you). Use the FORCE_BUNDLING flag to change this behavior.'
Skipping bundling in Debug for the Simulator (since the packager bundles for you). Use the FORCE_BUNDLING flag to change this behavior.
+ exit 0

GenerateDSYMFile /Users/apple/Library/Developer/Xcode/DerivedData/Signet-dfscuohdbulpozgkivkkztfuyrqz/Build/Products/Debug-iphonesimulator/Signet.app.dSYM /Users/apple/Library/Developer/Xcode/DerivedData/Signet-dfscuohdbulpozgkivkkztfuyrqz/Build/Products/Debug-iphonesimulator/Signet.app/Signet (in target 'Signet' from project 'Signet')
    cd /Users/apple/Desktop/Umee/Signet/ios
    /Users/apple/Downloads/Xcode.app/Contents/Developer/Toolchains/XcodeDefault.xctoolchain/usr/bin/dsymutil /Users/apple/Library/Developer/Xcode/DerivedData/Signet-dfscuohdbulpozgkivkkztfuyrqz/Build/Products/Debug-iphonesimulator/Signet.app/Signet -o /Users/apple/Library/Developer/Xcode/DerivedData/Signet-dfscuohdbulpozgkivkkztfuyrqz/Build/Products/Debug-iphonesimulator/Signet.app.dSYM
warning: /Users/apple/Library/Developer/Xcode/DerivedData/ModuleCache.noindex/22N1CSDTZ7Z9Z/yoga-2V85YNI5TWIB1.pcm: No such file or directory
note: while processing /Users/apple/Library/Developer/Xcode/DerivedData/ModuleCache.noindex/22N1CSDTZ7Z9Z/yoga-2V85YNI5TWIB1.pcm
note: The clang module cache may have expired since this object file was built. Rebuilding the object file will rebuild the module cache.
warning: /Users/apple/Library/Developer/Xcode/DerivedData/ModuleCache.noindex/22N1CSDTZ7Z9Z/YogaKit-2OY0PHCLUWIT2.pcm: No such file or directory
note: while processing /Users/apple/Library/Developer/Xcode/DerivedData/ModuleCache.noindex/22N1CSDTZ7Z9Z/YogaKit-2OY0PHCLUWIT2.pcm

PhaseScriptExecution [CP]\ Copy\ Pods\ Resources /Users/apple/Library/Developer/Xcode/DerivedData/Signet-dfscuohdbulpozgkivkkztfuyrqz/Build/Intermediates.noindex/Signet.build/Debug-iphonesimulator/Signet.build/Script-E235C05ADACE081382539298.sh (in target 'Signet' from project 'Signet')
    cd /Users/apple/Desktop/Umee/Signet/ios
    /bin/sh -c /Users/apple/Library/Developer/Xcode/DerivedData/Signet-dfscuohdbulpozgkivkkztfuyrqz/Build/Intermediates.noindex/Signet.build/Debug-iphonesimulator/Signet.build/Script-E235C05ADACE081382539298.sh
/Users/apple/Desktop/Umee/Signet/ios/Pods/../../node_modules/react-native-vector-icons/Fonts/AntDesign.ttf
/Users/apple/Desktop/Umee/Signet/ios/Pods/../../node_modules/react-native-vector-icons/Fonts/Entypo.ttf
/Users/apple/Desktop/Umee/Signet/ios/Pods/../../node_modules/react-native-vector-icons/Fonts/EvilIcons.ttf
/Users/apple/Desktop/Umee/Signet/ios/Pods/../../node_modules/react-native-vector-icons/Fonts/Feather.ttf
/Users/apple/Desktop/Umee/Signet/ios/Pods/../../node_modules/react-native-vector-icons/Fonts/FontAwesome.ttf
/Users/apple/Desktop/Umee/Signet/ios/Pods/../../node_modules/react-native-vector-icons/Fonts/FontAwesome5_Brands.ttf
/Users/apple/Desktop/Umee/Signet/ios/Pods/../../node_modules/react-native-vector-icons/Fonts/FontAwesome5_Regular.ttf
/Users/apple/Desktop/Umee/Signet/ios/Pods/../../node_modules/react-native-vector-icons/Fonts/FontAwesome5_Solid.ttf
/Users/apple/Desktop/Umee/Signet/ios/Pods/../../node_modules/react-native-vector-icons/Fonts/Fontisto.ttf
/Users/apple/Desktop/Umee/Signet/ios/Pods/../../node_modules/react-native-vector-icons/Fonts/Foundation.ttf
/Users/apple/Desktop/Umee/Signet/ios/Pods/../../node_modules/react-native-vector-icons/Fonts/Ionicons.ttf
/Users/apple/Desktop/Umee/Signet/ios/Pods/../../node_modules/react-native-vector-icons/Fonts/MaterialCommunityIcons.ttf
/Users/apple/Desktop/Umee/Signet/ios/Pods/../../node_modules/react-native-vector-icons/Fonts/MaterialIcons.ttf
/Users/apple/Desktop/Umee/Signet/ios/Pods/../../node_modules/react-native-vector-icons/Fonts/Octicons.ttf
/Users/apple/Desktop/Umee/Signet/ios/Pods/../../node_modules/react-native-vector-icons/Fonts/SimpleLineIcons.ttf
/Users/apple/Desktop/Umee/Signet/ios/Pods/../../node_modules/react-native-vector-icons/Fonts/Zocial.ttf
/Users/apple/Library/Developer/Xcode/DerivedData/Signet-dfscuohdbulpozgkivkkztfuyrqz/Build/Products/Debug-iphonesimulator/React-Core/AccessibilityResources.bundle
building file list ... done
AccessibilityResources.bundle/Info.plist
AccessibilityResources.bundle/_CodeSignature/CodeDirectory
AccessibilityResources.bundle/_CodeSignature/CodeRequirements
AccessibilityResources.bundle/_CodeSignature/CodeRequirements-1
AccessibilityResources.bundle/_CodeSignature/CodeResources
AccessibilityResources.bundle/_CodeSignature/CodeSignature

sent 4225 bytes  received 152 bytes  8754.00 bytes/sec
total size is 2871303  speedup is 656.00

CopySwiftLibs /Users/apple/Library/Developer/Xcode/DerivedData/Signet-dfscuohdbulpozgkivkkztfuyrqz/Build/Products/Debug-iphonesimulator/Signet.app (in target 'Signet' from project 'Signet')
    cd /Users/apple/Desktop/Umee/Signet/ios
    export CODESIGN_ALLOCATE\=/Users/apple/Downloads/Xcode.app/Contents/Developer/Toolchains/XcodeDefault.xctoolchain/usr/bin/codesign_allocate
    export DEVELOPER_DIR\=/Users/apple/Downloads/Xcode.app/Contents/Developer
    export SDKROOT\=/Users/apple/Downloads/Xcode.app/Contents/Developer/Platforms/iPhoneSimulator.platform/Developer/SDKs/iPhoneSimulator15.5.sdk
    builtin-swiftStdLibTool --copy --verbose --sign - --scan-executable /Users/apple/Library/Developer/Xcode/DerivedData/Signet-dfscuohdbulpozgkivkkztfuyrqz/Build/Products/Debug-iphonesimulator/Signet.app/Signet --scan-folder /Users/apple/Library/Developer/Xcode/DerivedData/Signet-dfscuohdbulpozgkivkkztfuyrqz/Build/Products/Debug-iphonesimulator/Signet.app/Frameworks --scan-folder /Users/apple/Library/Developer/Xcode/DerivedData/Signet-dfscuohdbulpozgkivkkztfuyrqz/Build/Products/Debug-iphonesimulator/Signet.app/PlugIns --scan-folder /Users/apple/Library/Developer/Xcode/DerivedData/Signet-dfscuohdbulpozgkivkkztfuyrqz/Build/Products/Debug-iphonesimulator/Signet.app/SystemExtensions --platform iphonesimulator --toolchain /Users/apple/Downloads/Xcode.app/Contents/Developer/Toolchains/XcodeDefault.xctoolchain --destination /Users/apple/Library/Developer/Xcode/DerivedData/Signet-dfscuohdbulpozgkivkkztfuyrqz/Build/Products/Debug-iphonesimulator/Signet.app/Frameworks --strip-bitcode --strip-bitcode-tool /Users/apple/Downloads/Xcode.app/Contents/Developer/Toolchains/XcodeDefault.xctoolchain/usr/bin/bitcode_strip --emit-dependency-info /Users/apple/Library/Developer/Xcode/DerivedData/Signet-dfscuohdbulpozgkivkkztfuyrqz/Build/Intermediates.noindex/Signet.build/Debug-iphonesimulator/Signet.build/SwiftStdLibToolInputDependencies.dep --filter-for-swift-os

CodeSign /Users/apple/Library/Developer/Xcode/DerivedData/Signet-dfscuohdbulpozgkivkkztfuyrqz/Build/Products/Debug-iphonesimulator/Signet.app (in target 'Signet' from project 'Signet')
    cd /Users/apple/Desktop/Umee/Signet/ios
    export CODESIGN_ALLOCATE\=/Users/apple/Downloads/Xcode.app/Contents/Developer/Toolchains/XcodeDefault.xctoolchain/usr/bin/codesign_allocate
    
    Signing Identity:     "-"
    
    /usr/bin/codesign --force --sign - --entitlements /Users/apple/Library/Developer/Xcode/DerivedData/Signet-dfscuohdbulpozgkivkkztfuyrqz/Build/Intermediates.noindex/Signet.build/Debug-iphonesimulator/Signet.build/Signet.app.xcent --timestamp\=none --generate-entitlement-der /Users/apple/Library/Developer/Xcode/DerivedData/Signet-dfscuohdbulpozgkivkkztfuyrqz/Build/Products/Debug-iphonesimulator/Signet.app

** BUILD SUCCEEDED **

